Log file open, 01/26/19 12:51:59
LogWindows: Failed to load 'aqProf.dll' (GetLastError=126)
LogWindows: File 'aqProf.dll' does not exist
LogWindows: Failed to load 'VSPerf140.dll' (GetLastError=126)
LogWindows: File 'VSPerf140.dll' does not exist
LogWindows: Failed to load 'VtuneApi.dll' (GetLastError=126)
LogWindows: File 'VtuneApi.dll' does not exist
LogWindows: Failed to load 'VtuneApi32e.dll' (GetLastError=126)
LogWindows: File 'VtuneApi32e.dll' does not exist
LogInit: Display: Running engine for game: WhatstheName
LogPlatformFile: Not using cached read wrapper
LogTaskGraph: Started task graph with 5 named threads and 23 total threads with 3 sets of task threads.
LogStats: Stats thread started at 0.306235
LogD3D11RHI: Loaded GFSDK_Aftermath_Lib.x64.dll
LogICUInternationalization: Display: ICU TimeZone Detection - Raw Offset: -8:00, Platform Override: ''
LogPluginManager: Mounting plugin Paper2D
LogPluginManager: Mounting plugin AISupport
LogPluginManager: Mounting plugin LightPropagationVolume
LogPluginManager: Mounting plugin CLionSourceCodeAccess
LogPluginManager: Mounting plugin CodeLiteSourceCodeAccess
LogPluginManager: Mounting plugin GitSourceControl
LogPluginManager: Mounting plugin KDevelopSourceCodeAccess
LogPluginManager: Mounting plugin NullSourceCodeAccess
LogPluginManager: Mounting plugin PerforceSourceControl
LogPluginManager: Mounting plugin SubversionSourceControl
LogPluginManager: Mounting plugin UObjectPlugin
LogPluginManager: Mounting plugin VisualStudioCodeSourceCodeAccess
LogPluginManager: Mounting plugin VisualStudioSourceCodeAccess
LogPluginManager: Mounting plugin XCodeSourceCodeAccess
LogPluginManager: Mounting plugin AssetManagerEditor
LogPluginManager: Mounting plugin CryptoKeys
LogPluginManager: Mounting plugin DataValidation
LogPluginManager: Mounting plugin FacialAnimation
LogPluginManager: Mounting plugin GameplayTagsEditor
LogPluginManager: Mounting plugin MacGraphicsSwitching
LogPluginManager: Mounting plugin MeshEditor
LogPluginManager: Mounting plugin MobileLauncherProfileWizard
LogPluginManager: Mounting plugin PluginBrowser
LogPluginManager: Mounting plugin SpeedTreeImporter
LogPluginManager: Mounting plugin DatasmithContent
LogPluginManager: Mounting plugin AlembicImporter
LogPluginManager: Mounting plugin AppleImageUtils
LogPluginManager: Mounting plugin AppleVision
LogPluginManager: Mounting plugin BackChannel
LogPluginManager: Mounting plugin CharacterAI
LogPluginManager: Mounting plugin GeometryCache
LogPluginManager: Mounting plugin HTML5Networking
LogPluginManager: Mounting plugin ProxyLODPlugin
LogPluginManager: Mounting plugin MagicLeap
LogPluginManager: Mounting plugin MagicLeapEmulator
LogPluginManager: Mounting plugin MagicLeapMedia
LogPluginManager: Mounting plugin AndroidMedia
LogPluginManager: Mounting plugin AvfMedia
LogPluginManager: Mounting plugin ImgMedia
LogPluginManager: Mounting plugin LinearTimecode
LogPluginManager: Mounting plugin MediaCompositing
LogPluginManager: Mounting plugin MediaPlayerEditor
LogPluginManager: Mounting plugin WmfMedia
LogPluginManager: Mounting plugin TcpMessaging
LogPluginManager: Mounting plugin UdpMessaging
LogPluginManager: Mounting plugin ActorSequence
LogPluginManager: Mounting plugin LevelSequenceEditor
LogPluginManager: Mounting plugin MatineeToLevelSequence
LogPluginManager: Mounting plugin NetcodeUnitTest
LogPluginManager: Mounting plugin NUTUnrealEngine4
LogPluginManager: Mounting plugin OnlineSubsystemGooglePlay
LogPluginManager: Mounting plugin OnlineSubsystemIOS
LogPluginManager: Mounting plugin OnlineSubsystem
LogPluginManager: Mounting plugin OnlineSubsystemNull
LogPluginManager: Mounting plugin OnlineSubsystemUtils
LogPluginManager: Mounting plugin LauncherChunkInstaller
LogPluginManager: Mounting plugin AndroidDeviceProfileSelector
LogPluginManager: Mounting plugin AndroidMoviePlayer
LogPluginManager: Mounting plugin AndroidPermission
LogPluginManager: Mounting plugin AppleMoviePlayer
LogPluginManager: Mounting plugin ArchVisCharacter
LogPluginManager: Mounting plugin AudioCapture
LogPluginManager: Mounting plugin CableComponent
LogPluginManager: Mounting plugin CustomMeshComponent
LogPluginManager: Mounting plugin EditableMesh
LogPluginManager: Mounting plugin ExampleDeviceProfileSelector
LogPluginManager: Mounting plugin GoogleCloudMessaging
LogPluginManager: Mounting plugin ImmediatePhysics
LogPluginManager: Mounting plugin IOSDeviceProfileSelector
LogPluginManager: Mounting plugin LinuxDeviceProfileSelector
LogPluginManager: Mounting plugin LocationServicesBPLibrary
LogPluginManager: Mounting plugin MobilePatchingUtils
LogPluginManager: Mounting plugin OculusVR
LogPluginManager: Plugin shader directory ../../../Engine/Plugins/Runtime/Oculus/OculusVR/Shaders found
LogPluginManager: Mapping shader source directory ../../../Engine/Plugins/Runtime/Oculus/OculusVR/Shaders to virtual directory /Plugin/OculusVR
LogPluginManager: Mounting plugin PhysXVehicles
LogPluginManager: Mounting plugin ProceduralMeshComponent
LogPluginManager: Mounting plugin RuntimePhysXCooking
LogPluginManager: Mounting plugin SteamVR
LogPluginManager: Mounting plugin WindowsMoviePlayer
LogStreaming: Display: Took  0.189s to configure plugins.
LogInit: Using libcurl 7.55.1-DEV
LogInit:  - built for x86_64-pc-win32
LogInit:  - supports SSL with OpenSSL/1.0.2h
LogInit:  - supports HTTP deflate (compression) using libz 1.2.8
LogInit:  - other features:
LogInit:      CURL_VERSION_SSL
LogInit:      CURL_VERSION_LIBZ
LogInit:      CURL_VERSION_IPV6
LogInit:      CURL_VERSION_ASYNCHDNS
LogInit:      CURL_VERSION_LARGEFILE
LogInit:      CURL_VERSION_IDN
LogInit:  CurlRequestOptions (configurable via config and command line):
LogInit:  - bVerifyPeer = false  - Libcurl will NOT verify peer certificate
LogInit:  - bUseHttpProxy = false  - Libcurl will NOT use HTTP proxy
LogInit:  - bDontReuseConnections = false  - Libcurl will reuse connections
LogInit:  - CertBundlePath = nullptr  - Libcurl will use whatever was configured at build time.
LogInit:  - MaxHostConnections = 16  - Libcurl will limit the number of connections to a host
LogInit:  - LocalHostAddr = Default
LogInit:  - BufferSize = 65536
LogInit: WinSock: version 1.1 (2.2), MaxSocks=32767, MaxUdp=65467
LogInit: Build: ++UE4+Release-4.20-CL-4369336
LogInit: Engine Version: 4.20.3-4369336+++UE4+Release-4.20
LogInit: Compatible Engine Version: 4.20.0-4212847+++UE4+Release-4.20
LogInit: Net CL: 4212847
LogInit: OS: Windows 10 (), CPU:       Intel(R) Xeon(R) CPU E5-1620 v2 @ 3.70GHz, GPU: NVIDIA GeForce GTX 1080
LogInit: Compiled (64-bit): Sep 17 2018 12:26:19
LogInit: Compiled with Visual C++: 19.13.26129.00
LogInit: Build Configuration: Development
LogInit: Branch Name: ++UE4+Release-4.20
LogInit: Command Line: -EpicPortal  -epicusername="Jmelt Arcadia" -epicuserid=e20133aafc504a09b851d9e8c6f2c63f -epiclocale=en-US
LogInit: Base Directory: C:/Program Files/Epic Games/UE_4.20/Engine/Binaries/Win64/
LogInit: Installed Engine Build: 1
LogDevObjectVersion: Number of dev versions registered: 20
LogDevObjectVersion:   Dev-Blueprints (B0D832E4-1F89-4F0D-ACCF-7EB736FD4AA2): 10
LogDevObjectVersion:   Dev-Build (E1C64328-A22C-4D53-A36C-8E866417BD8C): 0
LogDevObjectVersion:   Dev-Core (375EC13C-06E4-48FB-B500-84F0262A717E): 2
LogDevObjectVersion:   Dev-Editor (E4B068ED-F494-42E9-A231-DA0B2E46BB41): 24
LogDevObjectVersion:   Dev-Framework (CFFC743F-43B0-4480-9391-14DF171D2073): 34
LogDevObjectVersion:   Dev-Mobile (B02B49B5-BB20-44E9-A304-32B752E40360): 2
LogDevObjectVersion:   Dev-Networking (A4E4105C-59A1-49B5-A7C5-40C4547EDFEE): 0
LogDevObjectVersion:   Dev-Online (39C831C9-5AE6-47DC-9A44-9C173E1C8E7C): 0
LogDevObjectVersion:   Dev-Physics (78F01B33-EBEA-4F98-B9B4-84EACCB95AA2): 0
LogDevObjectVersion:   Dev-Platform (6631380F-2D4D-43E0-8009-CF276956A95A): 0
LogDevObjectVersion:   Dev-Rendering (12F88B9F-8875-4AFC-A67C-D90C383ABD29): 26
LogDevObjectVersion:   Dev-Sequencer (7B5AE74C-D270-4C10-A958-57980B212A5A): 9
LogDevObjectVersion:   Dev-VR (D7296918-1DD6-4BDD-9DE2-64A83CC13884): 2
LogDevObjectVersion:   Dev-LoadTimes (C2A15278-BFE7-4AFE-6C17-90FF531DF755): 1
LogDevObjectVersion:   Private-Geometry (6EACA3D4-40EC-4CC1-B786-8BED09428FC5): 3
LogDevObjectVersion:   Dev-AnimPhys (29E575DD-E0A3-4627-9D10-D276232CDCEA): 17
LogDevObjectVersion:   Dev-ReflectionCapture (6B266CEC-1EC7-4B8F-A30B-E4D90942FC07): 1
LogDevObjectVersion:   Dev-Automation (0DF73D61-A23F-47EA-B727-89E90C41499A): 1
LogDevObjectVersion:   FortniteMain (601D1886-AC64-4F84-AA16-D3DE0DEAC7D6): 12
LogDevObjectVersion:   Dev-Enterprise (9DFFBCD6-494F-0158-E221-12823C92A888): 1
LogStreaming: Display: Took  0.004s to delete old logs.
LogInit: Presizing for max 8388607 objects, including 0 objects not considered by GC, pre-allocating 0 bytes for permanent pool.
LogInit: Object subsystem initialized
[2019.01.26-20.51.59:840][  0]LogInit: Selected Device Profile: [Windows]
[2019.01.26-20.51.59:840][  0]LogInit: Applying CVar settings loaded from the selected device profile: [Windows]
[2019.01.26-20.51.59:850][  0]LogHAL: Display: Platform has ~ 16 GB [17100017664 / 17179869184 / 16], which maps to Larger [LargestMinGB=32, LargerMinGB=12, DefaultMinGB=8, SmallerMinGB=6, SmallestMinGB=0)
[2019.01.26-20.51.59:850][  0]LogInit: Setting Device Profile CVar: [[r.Vulkan.UseRealUBs:1]]
[2019.01.26-20.51.59:850][  0]LogInit: Going up to parent DeviceProfile []
[2019.01.26-20.51.59:851][  0]LogInit: Computer: 2032-01-265-09
[2019.01.26-20.51.59:851][  0]LogInit: User: Student
[2019.01.26-20.51.59:851][  0]LogInit: CPU Page size=4096, Cores=4
[2019.01.26-20.51.59:851][  0]LogInit: High frequency timer resolution =10.000000 MHz
[2019.01.26-20.51.59:851][  0]LogMemory: Memory total: Physical=15.9GB (16GB approx)
[2019.01.26-20.51.59:851][  0]LogMemory: Platform Memory Stats for Windows
[2019.01.26-20.51.59:851][  0]LogMemory: Process Physical Memory: 99.64 MB used, 99.65 MB peak
[2019.01.26-20.51.59:851][  0]LogMemory: Process Virtual Memory: 90.83 MB used, 90.83 MB peak
[2019.01.26-20.51.59:851][  0]LogMemory: Physical Memory: 6521.36 MB used,  9786.49 MB free, 16307.85 MB total
[2019.01.26-20.51.59:851][  0]LogMemory: Virtual Memory: 4642.73 MB used,  9786.49 MB free, 134217728.00 MB total
[2019.01.26-20.51.59:875][  0]LogInit: Using OS detected language (en-US).
[2019.01.26-20.51.59:875][  0]LogInit: Using OS detected locale (en-US).
[2019.01.26-20.51.59:876][  0]LogTextLocalizationManager: No specific localization for 'en-US' exists, so the 'en' localization will be used.
[2019.01.26-20.52.00:248][  0]LogStreaming: Display: Took  0.373s to InitEngineTextLocalization.
[2019.01.26-20.52.00:248][  0]LogInit: Setting process to per monitor DPI aware
[2019.01.26-20.52.00:289][  0]LogSlate: New Slate User Created.  User Index 0, Is Virtual User: 0
[2019.01.26-20.52.00:289][  0]LogSlate: Slate User Registered.  User Index 0, Is Virtual User: 0
[2019.01.26-20.52.00:562][  0]LogHMD: Failed to initialize OpenVR with code 110
[2019.01.26-20.52.00:562][  0]LogD3D11RHI: D3D11 adapters:
[2019.01.26-20.52.00:648][  0]LogD3D11RHI:    0. 'NVIDIA GeForce GTX 1080' (Feature Level 11_0)
[2019.01.26-20.52.00:649][  0]LogD3D11RHI:       8079/0/8153 MB DedicatedVideo/DedicatedSystem/SharedSystem, Outputs:1, VendorId:0x10de
[2019.01.26-20.52.00:651][  0]LogD3D11RHI:    1. 'Microsoft Basic Render Driver' (Feature Level 11_0)
[2019.01.26-20.52.00:651][  0]LogD3D11RHI:       0/0/8153 MB DedicatedVideo/DedicatedSystem/SharedSystem, Outputs:0, VendorId:0x1414
[2019.01.26-20.52.00:651][  0]LogD3D11RHI: Chosen D3D11 Adapter: 0
[2019.01.26-20.52.00:659][  0]LogD3D11RHI: Creating new Direct3DDevice
[2019.01.26-20.52.00:659][  0]LogD3D11RHI:     GPU DeviceId: 0x1b80 (for the marketing name, search the web for "GPU Device Id")
[2019.01.26-20.52.00:659][  0]LogWindows: EnumDisplayDevices:
[2019.01.26-20.52.00:660][  0]LogWindows:    0. 'NVIDIA GeForce GTX 1080' (P:1 D:1)
[2019.01.26-20.52.00:660][  0]LogWindows:    1. 'NVIDIA GeForce GTX 1080' (P:0 D:0)
[2019.01.26-20.52.00:660][  0]LogWindows:    2. 'NVIDIA GeForce GTX 1080' (P:0 D:0)
[2019.01.26-20.52.00:661][  0]LogWindows:    3. 'NVIDIA GeForce GTX 1080' (P:0 D:0)
[2019.01.26-20.52.00:661][  0]LogWindows: DebugString: FoundDriverCount:4 
[2019.01.26-20.52.00:661][  0]LogD3D11RHI:     Adapter Name: NVIDIA GeForce GTX 1080
[2019.01.26-20.52.00:661][  0]LogD3D11RHI:   Driver Version: 397.93 (internal:24.21.13.9793, unified:397.93)
[2019.01.26-20.52.00:661][  0]LogD3D11RHI:      Driver Date: 5-22-2018
[2019.01.26-20.52.00:661][  0]LogRHI: Texture pool is 5655 MB (70% of 8079 MB)
[2019.01.26-20.52.00:715][  0]LogD3D11RHI: Async texture creation enabled
[2019.01.26-20.52.00:733][  0]LogD3D11RHI: GPU Timing Frequency: 1000.000000 (Debug: 2 2)
[2019.01.26-20.52.00:735][  0]LogShaderCompilers: Guid format shader working directory is -27 characters bigger than the processId version (../../../../../../Users/student/Documents/GitHub/whatsthename/WhatstheName/Intermediate/Shaders/WorkingDirectory/14060/).
[2019.01.26-20.52.00:735][  0]LogShaderCompilers: Cleaned the shader compiler working directory 'C:/Users/student/AppData/Local/Temp/UnrealShaderWorkingDir/256429B3474EDFA0983EBCAA6B6A9ABF/'.
[2019.01.26-20.52.01:068][  0]LogTemp: Display: Loaded TP AllDesktopTargetPlatform
[2019.01.26-20.52.01:086][  0]LogTemp: Display: Loaded TP MacClientTargetPlatform
[2019.01.26-20.52.01:108][  0]LogTemp: Display: Loaded TP MacNoEditorTargetPlatform
[2019.01.26-20.52.01:128][  0]LogTemp: Display: Loaded TP MacServerTargetPlatform
[2019.01.26-20.52.01:146][  0]LogTemp: Display: Loaded TP MacTargetPlatform
[2019.01.26-20.52.01:164][  0]LogTemp: Display: Loaded TP WindowsClientTargetPlatform
[2019.01.26-20.52.01:181][  0]LogTemp: Display: Loaded TP WindowsNoEditorTargetPlatform
[2019.01.26-20.52.01:199][  0]LogTemp: Display: Loaded TP WindowsServerTargetPlatform
[2019.01.26-20.52.01:209][  0]LogTemp: Display: Loaded TP WindowsTargetPlatform
[2019.01.26-20.52.01:303][  0]LogTemp: Display: Loaded TP AndroidTargetPlatform
[2019.01.26-20.52.01:303][  0]LogTemp: Display: Loaded TP AndroidTargetPlatform
[2019.01.26-20.52.01:303][  0]LogTemp: Display: Loaded TP AndroidTargetPlatform
[2019.01.26-20.52.01:303][  0]LogTemp: Display: Loaded TP AndroidTargetPlatform
[2019.01.26-20.52.01:304][  0]LogTemp: Display: Loaded TP AndroidTargetPlatform
[2019.01.26-20.52.01:304][  0]LogTemp: Display: Loaded TP AndroidTargetPlatform
[2019.01.26-20.52.01:304][  0]LogTemp: Display: Loaded TP AndroidTargetPlatform
[2019.01.26-20.52.01:304][  0]LogTemp: Display: Loaded TP AndroidTargetPlatform
[2019.01.26-20.52.01:304][  0]LogTemp: Display: Loaded TP AndroidTargetPlatform
[2019.01.26-20.52.01:304][  0]LogTemp: Display: Loaded TP AndroidTargetPlatform
[2019.01.26-20.52.01:304][  0]LogTemp: Display: Loaded TP AndroidTargetPlatform
[2019.01.26-20.52.01:304][  0]LogTemp: Display: Loaded TP AndroidTargetPlatform
[2019.01.26-20.52.01:304][  0]LogTemp: Display: Loaded TP AndroidTargetPlatform
[2019.01.26-20.52.01:304][  0]LogTemp: Display: Loaded TP AndroidTargetPlatform
[2019.01.26-20.52.01:304][  0]LogTemp: Display: Loaded TP AndroidTargetPlatform
[2019.01.26-20.52.01:304][  0]LogTemp: Display: Loaded TP AndroidTargetPlatform
[2019.01.26-20.52.01:304][  0]LogTemp: Display: Loaded TP AndroidTargetPlatform
[2019.01.26-20.52.01:304][  0]LogTemp: Display: Loaded TP AndroidTargetPlatform
[2019.01.26-20.52.01:306][  0]LogTemp: Display: Loaded TP HTML5TargetPlatform
[2019.01.26-20.52.01:373][  0]LogTemp: Display: Loaded TP IOSTargetPlatform
[2019.01.26-20.52.01:373][  0]LogTemp: Display: Loaded TP IOSTargetPlatform
[2019.01.26-20.52.01:400][  0]LogTemp: Display: Loaded TP TVOSTargetPlatform
[2019.01.26-20.52.01:400][  0]LogTemp: Display: Loaded TP TVOSTargetPlatform
[2019.01.26-20.52.01:415][  0]LogTemp: Display: Loaded TP LinuxClientTargetPlatform
[2019.01.26-20.52.01:430][  0]LogTemp: Display: Loaded TP LinuxNoEditorTargetPlatform
[2019.01.26-20.52.01:445][  0]LogTemp: Display: Loaded TP LinuxServerTargetPlatform
[2019.01.26-20.52.01:460][  0]LogTemp: Display: Loaded TP LinuxTargetPlatform
[2019.01.26-20.52.01:471][  0]LogTemp: Display: Loaded TP LuminTargetPlatform
[2019.01.26-20.52.01:471][  0]LogTargetPlatformManager: Display: Building Assets For Windows
[2019.01.26-20.52.01:587][  0]LogXGEController: Cannot use XGE Controller as Incredibuild is not installed on this machine.
[2019.01.26-20.52.01:587][  0]LogShaderCompilers: Cannot use XGE Shader Compiler as Incredibuild is not installed on this machine.
[2019.01.26-20.52.01:587][  0]LogShaderCompilers: Display: Using Local Shader Compiler.
[2019.01.26-20.52.02:530][  0]LogDerivedDataCache: Display: Max Cache Size: 512 MB
[2019.01.26-20.52.02:600][  0]LogDerivedDataCache: Loaded boot cache 0.07s 71MB C:/Users/student/AppData/Local/UnrealEngine/4.20/DerivedDataCache/Boot.ddc.
[2019.01.26-20.52.02:601][  0]LogDerivedDataCache: Display: Loaded Boot cache: C:/Users/student/AppData/Local/UnrealEngine/4.20/DerivedDataCache/Boot.ddc
[2019.01.26-20.52.02:601][  0]LogDerivedDataCache: FDerivedDataBackendGraph:  Pak pak cache file ../../../../../../Users/student/Documents/GitHub/whatsthename/WhatstheName/DerivedDataCache/DDC.ddp not found, will not use a pak cache.
[2019.01.26-20.52.02:601][  0]LogDerivedDataCache: Unable to find inner node Pak for hierarchical cache Hierarchy.
[2019.01.26-20.52.02:601][  0]LogDerivedDataCache: FDerivedDataBackendGraph:  CompressedPak pak cache file ../../../../../../Users/student/Documents/GitHub/whatsthename/WhatstheName/DerivedDataCache/Compressed.ddp not found, will not use a pak cache.
[2019.01.26-20.52.02:601][  0]LogDerivedDataCache: Unable to find inner node CompressedPak for hierarchical cache Hierarchy.
[2019.01.26-20.52.02:614][  0]LogDerivedDataCache: Display: Pak cache opened for reading ../../../Engine/DerivedDataCache/Compressed.ddp.
[2019.01.26-20.52.02:627][  0]LogDerivedDataCache: Using Local data cache path C:/Users/student/AppData/Local/UnrealEngine/Common/DerivedDataCache: Writable
[2019.01.26-20.52.02:627][  0]LogDerivedDataCache: Shared data cache path not found in *engine.ini, will not use an Shared cache.
[2019.01.26-20.52.02:627][  0]LogDerivedDataCache: Unable to find inner node Shared for hierarchical cache Hierarchy.
[2019.01.26-20.52.02:647][  0]LogMaterial: Verifying Global Shaders for PCD3D_SM5
[2019.01.26-20.52.02:649][  0]LogSlate: Using FreeType 2.6.0
[2019.01.26-20.52.02:650][  0]LogSlate: SlateFontServices - WITH_FREETYPE: 1, WITH_HARFBUZZ: 1
[2019.01.26-20.52.02:734][  0]LogAssetRegistry: FAssetRegistry took 0.0268 seconds to start up
[2019.01.26-20.52.03:177][  0]LogInit: Selected Device Profile: [Windows]
[2019.01.26-20.52.03:355][  0]LogSimplygon: Simplygon DLL not present - disabling.
[2019.01.26-20.52.03:361][  0]LogMeshReduction: Using SimplygonSwarm for distributed automatic mesh merging
[2019.01.26-20.52.03:361][  0]LogMeshReduction: Using ProxyLODMeshReduction for automatic mesh merging
[2019.01.26-20.52.03:361][  0]LogMeshReduction: Using QuadricMeshReduction for automatic static mesh reduction
[2019.01.26-20.52.03:361][  0]LogMeshReduction: No automatic skeletal mesh reduction module available
[2019.01.26-20.52.03:377][  0]LogNetVersion: WhatstheName 1.0.0, NetCL: 4212847, EngineNetVer: 5, GameNetVer: 0 (Checksum: 1780765421)
[2019.01.26-20.52.03:972][  0]LogPackageLocalizationCache: Processed 11 localized package path(s) for 2 prioritized culture(s) in 0.121077 seconds
[2019.01.26-20.52.03:981][  0]LogUObjectArray: 38425 objects as part of root set at end of initial load.
[2019.01.26-20.52.03:981][  0]LogUObjectAllocator: 6690872 out of 0 bytes used by permanent object pool.
[2019.01.26-20.52.03:982][  0]LogUObjectArray: CloseDisregardForGC: 0/0 objects in disregard for GC pool
[2019.01.26-20.52.05:102][  0]LogTcpMessaging: Initializing TcpMessaging bridge
[2019.01.26-20.52.05:116][  0]LogUdpMessaging: Initializing bridge on interface 0.0.0.0:0 to multicast group 230.0.0.1:6666.
[2019.01.26-20.52.05:274][  0]SourceControl: Source control is disabled
[2019.01.26-20.52.05:274][  0]SourceControl: Source control is disabled
[2019.01.26-20.52.05:275][  0]SourceControl: Source control is disabled
[2019.01.26-20.52.05:277][  0]SourceControl: Source control is disabled
[2019.01.26-20.52.05:460][  0]LogAndroidPermission: UAndroidPermissionCallbackProxy::GetInstance
[2019.01.26-20.52.05:535][  0]LogOcInput: OculusInput pre-init called
[2019.01.26-20.52.05:606][  0]LogEngine: Initializing Engine...
[2019.01.26-20.52.05:607][  0]LogHMD: Failed to initialize OpenVR with code 110
[2019.01.26-20.52.05:609][  0]LogStats: UGameplayTagsManager::ConstructGameplayTagTree: ImportINI prefixes -  0.000 s
[2019.01.26-20.52.05:609][  0]LogStats: UGameplayTagsManager::ConstructGameplayTagTree: Construct from data asset -  0.000 s
[2019.01.26-20.52.05:609][  0]LogStats: UGameplayTagsManager::ConstructGameplayTagTree: ImportINI -  0.000 s
[2019.01.26-20.52.05:609][  0]LogStats: UGameplayTagsManager::ConstructGameplayTagTree: GameplayTagTreeChangedEvent.Broadcast -  0.000 s
[2019.01.26-20.52.05:831][  0]LogInit: Initializing FReadOnlyCVARCache
[2019.01.26-20.52.05:853][  0]LogAIModule: Creating AISystem for world Untitled
[2019.01.26-20.52.05:870][  0]LogInit: XAudio2 using 'Speakers (Realtek High Definition Audio)' : 2 channels at 48 kHz using 32 bits per sample (channel mask 0x3)
[2019.01.26-20.52.05:935][  0]LogInit: FAudioDevice initialized.
[2019.01.26-20.52.05:935][  0]LogNetVersion: Set ProjectVersion to 1.0.0.0. Version Checksum will be recalculated on next use.
[2019.01.26-20.52.06:020][  0]LogDerivedDataCache: Saved boot cache 0.09s 71MB C:/Users/student/AppData/Local/UnrealEngine/4.20/DerivedDataCache/Boot.ddc.
[2019.01.26-20.52.06:034][  0]LogInit: Texture streaming: Enabled
[2019.01.26-20.52.06:069][  0]LogEngineSessionManager: EngineSessionManager initialized
[2019.01.26-20.52.06:090][  0]LogInit: Transaction tracking system initialized
[2019.01.26-20.52.06:133][  0]BlueprintLog: New page: Editor Load
[2019.01.26-20.52.06:269][  0]LocalizationService: Localization service is disabled
[2019.01.26-20.52.06:567][  0]LogCook: Display: Max memory allowance for cook 16384mb min free memory 0mb
[2019.01.26-20.52.06:567][  0]LogCook: Display: Mobile HDR setting 1
[2019.01.26-20.52.06:567][  0]LogGameplayTags: Display: UGameplayTagsManager::DoneAddingNativeTags. DelegateIsBound: 0
[2019.01.26-20.52.06:567][  0]LogStats: UGameplayTagsManager::ConstructGameplayTagTree: ImportINI prefixes -  0.000 s
[2019.01.26-20.52.06:567][  0]LogStats: UGameplayTagsManager::ConstructGameplayTagTree: Construct from data asset -  0.000 s
[2019.01.26-20.52.06:567][  0]LogStats: UGameplayTagsManager::ConstructGameplayTagTree: ImportINI -  0.000 s
[2019.01.26-20.52.06:567][  0]LogStats: UGameplayTagsManager::ConstructGameplayTagTree: GameplayTagTreeChangedEvent.Broadcast -  0.000 s
[2019.01.26-20.52.06:734][  0]LogFileCache: Scanning file cache for directory 'C:/Users/student/Documents/GitHub/whatsthename/WhatstheName/Content/' took 0.02s
[2019.01.26-20.52.06:734][  0]SourceControl: Source control is disabled
[2019.01.26-20.52.06:734][  0]Cmd: MAP LOAD FILE="../../../../../../Users/student/Documents/GitHub/whatsthename/WhatstheName/Content/2DSideScrollerBP/Maps/2DSideScrollerExampleMap.umap" TEMPLATE=0 SHOWPROGRESS=1 FEATURELEVEL=3
[2019.01.26-20.52.06:735][  0]LightingResults: New page: Lighting Build
[2019.01.26-20.52.06:740][  0]MapCheck: New page: Map Check
[2019.01.26-20.52.06:740][  0]LightingResults: New page: Lighting Build
[2019.01.26-20.52.06:964][  0]LogAIModule: Creating AISystem for world 2DSideScrollerExampleMap
[2019.01.26-20.52.06:968][  0]LogEditorServer: Finished looking for orphan Actors (0.000 secs)
[2019.01.26-20.52.06:988][  0]Cmd: MAP CHECKDEP NOCLEARLOG
[2019.01.26-20.52.07:112][  0]MapCheck: Map check complete: 0 Error(s), 0 Warning(s), took 123.623ms to complete.
[2019.01.26-20.52.07:112][  0]LogFileHelpers: Loading map '2DSideScrollerExampleMap' took 0.377
[2019.01.26-20.52.07:216][  0]LogSlate: Updating window title bar state: overlay mode, drag disabled, window buttons hidden, title bar hidden
[2019.01.26-20.52.07:225][  0]LogSlate: Updating window title bar state: overlay mode, drag disabled, window buttons hidden, title bar hidden
[2019.01.26-20.52.07:233][  0]LogSlate: Updating window title bar state: overlay mode, drag disabled, window buttons hidden, title bar hidden
[2019.01.26-20.52.07:242][  0]LogSlate: Updating window title bar state: overlay mode, drag disabled, window buttons hidden, title bar hidden
[2019.01.26-20.52.07:253][  0]LogCollectionManager: Loaded 0 collections in 0.003941 seconds
[2019.01.26-20.52.07:299][  0]LogFileCache: Scanning file cache for directory 'C:/Users/student/Documents/GitHub/whatsthename/WhatstheName/Saved/Collections/' took 0.01s
[2019.01.26-20.52.07:299][  0]LogFileCache: Scanning file cache for directory 'C:/Users/student/Documents/GitHub/whatsthename/WhatstheName/Content/Developers/Student/Collections/' took 0.01s
[2019.01.26-20.52.07:299][  0]LogFileCache: Scanning file cache for directory 'C:/Users/student/Documents/GitHub/whatsthename/WhatstheName/Content/Collections/' took 0.01s
[2019.01.26-20.52.07:299][  0]LogCollectionManager: Rebuilt the GUID cache for 0 collections in 0.000000 seconds
[2019.01.26-20.52.07:310][  0]LogContentBrowser: Native class hierarchy populated in 0.0104 seconds. Added 2572 classes and 603 folders.
[2019.01.26-20.52.07:321][  0]LogContentBrowser: Native class hierarchy updated for 'WidgetCarousel' in 0.0003 seconds. Added 0 classes and 0 folders.
[2019.01.26-20.52.07:388][  0]LogContentBrowser: Native class hierarchy updated for 'AddContentDialog' in 0.0002 seconds. Added 0 classes and 0 folders.
[2019.01.26-20.52.07:396][  0]LogContentBrowser: Native class hierarchy updated for 'SceneOutliner' in 0.0003 seconds. Added 1 classes and 2 folders.
[2019.01.26-20.52.07:413][  0]LogSlate: Took 0.000265 seconds to synchronously load lazily loaded font '../../../Engine/Content/Slate/Fonts/Roboto-Regular.ttf' (155K)
[2019.01.26-20.52.07:416][  0]LogSlate: Took 0.000251 seconds to synchronously load lazily loaded font '../../../Engine/Content/Slate/Fonts/Roboto-Bold.ttf' (160K)
[2019.01.26-20.52.07:423][  0]LogSlate: Took 0.000250 seconds to synchronously load lazily loaded font '../../../Engine/Content/Editor/Slate/Fonts/FontAwesome.ttf' (139K)
[2019.01.26-20.52.07:508][  0]LogRenderer: Reallocating scene render targets to support 1208x576 Format 10 NumSamples 1 (Frame:1).
[2019.01.26-20.52.07:619][  0]LogContentBrowser: Native class hierarchy updated for 'HierarchicalLODOutliner' in 0.0003 seconds. Added 0 classes and 0 folders.
[2019.01.26-20.52.07:619][  0]LogLoad: (Engine Initialization) Total time: 10.23 seconds
[2019.01.26-20.52.07:619][  0]LogLoad: (Engine Initialization) Total Blueprint compile time: 0.00 seconds
[2019.01.26-20.52.07:650][  0]LogContentStreaming: Texture pool size now 1000 MB
[2019.01.26-20.52.07:701][  0]LogSlate: Took 0.000252 seconds to synchronously load lazily loaded font '../../../Engine/Content/Slate/Fonts/Roboto-Light.ttf' (167K)
[2019.01.26-20.52.07:720][  1]LogAssetRegistry: Asset discovery search completed in 5.0085 seconds
[2019.01.26-20.52.07:721][  1]LogCollectionManager: Rebuilt the object cache for 0 collections in 0.000001 seconds (found 0 objects)
[2019.01.26-20.52.07:721][  1]LogCollectionManager: Fixed up redirectors for 0 collections in 0.000044 seconds (updated 0 objects)
[2019.01.26-20.52.44:226][376]LogSlate: FSceneViewport::OnFocusLost() reason 0
[2019.01.26-20.53.43:433][428]LogEditorViewport: Clicking on Actor (LMB): PaperSpriteActor (Background_Sprite)
[2019.01.26-20.53.45:431][649]LogSlate: FSceneViewport::OnFocusLost() reason 0
[2019.01.26-20.53.55:536][837]LogSlate: FSceneViewport::OnFocusLost() reason 0
[2019.01.26-20.54.16:515][684]LogSlate: Window 'Save Level As' being destroyed
[2019.01.26-20.54.16:656][684]LogSlate: Took 0.000271 seconds to synchronously load lazily loaded font '../../../Engine/Content/Slate/Fonts/Roboto-Light.ttf' (167K)
[2019.01.26-20.54.16:674][684]LogAIModule: Creating AISystem for world Level_1_blockout
[2019.01.26-20.54.16:800][684]LogSavePackage: Moving '../../../../../../Users/student/Documents/GitHub/whatsthename/WhatstheName/Saved/Level_1_blockoutABA38BCC4C91A80D7E926A9E46ED9AC5.tmp' to '../../../../../../Users/student/Documents/GitHub/whatsthename/WhatstheName/Content/Maps/Level_1_blockout.umap'
[2019.01.26-20.54.16:814][684]LogFileHelpers: Saving map 'Level_1_blockout' took 0.293
[2019.01.26-20.54.16:815][684]Cmd: MAP LOAD FILE="../../../../../../Users/student/Documents/GitHub/whatsthename/WhatstheName/Content/Maps/Level_1_blockout.umap" TEMPLATE=0 SHOWPROGRESS=1 FEATURELEVEL=3
[2019.01.26-20.54.16:825][684]LightingResults: New page: Lighting Build
[2019.01.26-20.54.16:826][684]LoadErrors: New page: Loading map: Level_1_blockout.umap
[2019.01.26-20.54.16:827][684]MapCheck: New page: Map Check
[2019.01.26-20.54.16:827][684]LightingResults: New page: Lighting Build
[2019.01.26-20.54.16:855][684]LogEditorServer: Finished looking for orphan Actors (0.000 secs)
[2019.01.26-20.54.16:894][684]Cmd: MAP CHECKDEP NOCLEARLOG
[2019.01.26-20.54.17:020][684]MapCheck: Map check complete: 0 Error(s), 0 Warning(s), took 127.05ms to complete.
[2019.01.26-20.54.17:020][684]LogFileHelpers: Loading map 'Level_1_blockout' took 0.208
[2019.01.26-20.54.19:456][971]LogEditorViewport: Clicking Background
[2019.01.26-20.54.19:747][  2]LogEditorViewport: Clicking on Actor (LMB): PaperSpriteActor (RightEdge)
[2019.01.26-20.54.20:516][ 85]Cmd: DELETE
[2019.01.26-20.54.20:516][ 85]Cmd: ACTOR DELETE
[2019.01.26-20.54.20:518][ 85]LogEditorActor: Deleted Actor: PaperSpriteActor
[2019.01.26-20.54.20:538][ 85]LogEditorActor: Deleted 1 Actors (0.022 secs)
[2019.01.26-20.54.29:131][103]LogSlate: FSceneViewport::OnFocusLost() reason 0
[2019.01.26-20.54.36:259][929]LogEditorViewport: Clicking on Actor (LMB): PaperSpriteActor (Ledge_25)
[2019.01.26-20.54.37:085][ 21]Cmd: DELETE
[2019.01.26-20.54.37:085][ 21]Cmd: ACTOR DELETE
[2019.01.26-20.54.37:087][ 21]LogEditorActor: Deleted Actor: PaperSpriteActor
[2019.01.26-20.54.37:108][ 21]LogEditorActor: Deleted 1 Actors (0.023 secs)
[2019.01.26-20.54.37:762][ 99]LogEditorViewport: Clicking on Actor (LMB): PaperSpriteActor (Ledge_34)
[2019.01.26-20.54.37:937][113]Cmd: DELETE
[2019.01.26-20.54.37:937][113]Cmd: ACTOR DELETE
[2019.01.26-20.54.37:939][113]LogEditorActor: Deleted Actor: PaperSpriteActor
[2019.01.26-20.54.37:958][113]LogEditorActor: Deleted 1 Actors (0.021 secs)
[2019.01.26-20.54.38:463][173]LogEditorViewport: Clicking on Actor (LMB): PaperSpriteActor (Ledge_17)
[2019.01.26-20.54.38:572][179]Cmd: DELETE
[2019.01.26-20.54.38:572][179]Cmd: ACTOR DELETE
[2019.01.26-20.54.38:574][179]LogEditorActor: Deleted Actor: PaperSpriteActor
[2019.01.26-20.54.38:593][179]LogEditorActor: Deleted 1 Actors (0.022 secs)
[2019.01.26-20.54.38:841][208]LogEditorViewport: Clicking on Actor (LMB): PaperSpriteActor (Background_Sprite)
[2019.01.26-20.54.39:160][240]Cmd: DELETE
[2019.01.26-20.54.39:160][240]Cmd: ACTOR DELETE
[2019.01.26-20.54.39:162][240]LogEditorActor: Deleted Actor: PaperSpriteActor
[2019.01.26-20.54.39:182][240]LogEditorActor: Deleted 1 Actors (0.022 secs)
[2019.01.26-20.54.41:640][534]LogEditorViewport: Clicking on Actor (LMB): PaperSpriteActor (Ledge_26)
[2019.01.26-20.54.42:396][615]Cmd: DELETE
[2019.01.26-20.54.42:397][615]Cmd: ACTOR DELETE
[2019.01.26-20.54.42:399][615]LogEditorActor: Deleted Actor: PaperSpriteActor
[2019.01.26-20.54.42:420][615]LogEditorActor: Deleted 1 Actors (0.023 secs)
[2019.01.26-20.54.42:765][656]LogEditorViewport: Clicking Background
[2019.01.26-20.54.43:012][685]LogEditorViewport: Clicking on Actor (LMB): PaperSpriteActor (Ledge_28)
[2019.01.26-20.54.43:197][701]Cmd: DELETE
[2019.01.26-20.54.43:197][701]Cmd: ACTOR DELETE
[2019.01.26-20.54.43:199][701]LogEditorActor: Deleted Actor: PaperSpriteActor
[2019.01.26-20.54.43:218][701]LogEditorActor: Deleted 1 Actors (0.021 secs)
[2019.01.26-20.54.43:666][754]LogEditorViewport: Clicking on Actor (LMB): PaperSpriteActor (Ledge_27)
[2019.01.26-20.54.43:811][765]Cmd: DELETE
[2019.01.26-20.54.43:811][765]Cmd: ACTOR DELETE
[2019.01.26-20.54.43:813][765]LogEditorActor: Deleted Actor: PaperSpriteActor
[2019.01.26-20.54.43:833][765]LogEditorActor: Deleted 1 Actors (0.022 secs)
[2019.01.26-20.54.45:431][956]LogEditorViewport: Clicking on Actor (LMB): PaperSpriteActor (Ledge_29)
[2019.01.26-20.54.45:492][957]Cmd: DELETE
[2019.01.26-20.54.45:492][957]Cmd: ACTOR DELETE
[2019.01.26-20.54.45:494][957]LogEditorActor: Deleted Actor: PaperSpriteActor
[2019.01.26-20.54.45:513][957]LogEditorActor: Deleted 1 Actors (0.020 secs)
[2019.01.26-20.54.46:111][ 28]LogEditorViewport: Clicking on Actor (LMB): PaperSpriteActor (Ledge_30)
[2019.01.26-20.54.46:172][ 29]Cmd: DELETE
[2019.01.26-20.54.46:172][ 29]Cmd: ACTOR DELETE
[2019.01.26-20.54.46:174][ 29]LogEditorActor: Deleted Actor: PaperSpriteActor
[2019.01.26-20.54.46:194][ 29]LogEditorActor: Deleted 1 Actors (0.022 secs)
[2019.01.26-20.54.46:641][ 82]LogEditorViewport: Clicking on Actor (LMB): PaperSpriteActor (Ledge_31)
[2019.01.26-20.54.46:734][ 87]Cmd: DELETE
[2019.01.26-20.54.46:734][ 87]Cmd: ACTOR DELETE
[2019.01.26-20.54.46:736][ 87]LogEditorActor: Deleted Actor: PaperSpriteActor
[2019.01.26-20.54.46:758][ 87]LogEditorActor: Deleted 1 Actors (0.024 secs)
[2019.01.26-20.54.47:113][129]LogEditorViewport: Clicking on Actor (LMB): PaperSpriteActor (Ledge_32)
[2019.01.26-20.54.47:313][147]Cmd: DELETE
[2019.01.26-20.54.47:313][147]Cmd: ACTOR DELETE
[2019.01.26-20.54.47:315][147]LogEditorActor: Deleted Actor: PaperSpriteActor
[2019.01.26-20.54.47:334][147]LogEditorActor: Deleted 1 Actors (0.021 secs)
[2019.01.26-20.54.47:872][211]LogEditorViewport: Clicking on Actor (LMB): PaperSpriteActor (Ledge_12)
[2019.01.26-20.54.48:252][250]Cmd: DELETE
[2019.01.26-20.54.48:252][250]Cmd: ACTOR DELETE
[2019.01.26-20.54.48:254][250]LogEditorActor: Deleted Actor: PaperSpriteActor
[2019.01.26-20.54.48:274][250]LogEditorActor: Deleted 1 Actors (0.023 secs)
[2019.01.26-20.54.48:670][297]LogEditorViewport: Clicking on Actor (LMB): PostProcessVolume (GlobalPostProcessSettings)
[2019.01.26-20.54.50:110][454]Cmd: DELETE
[2019.01.26-20.54.50:110][454]Cmd: ACTOR DELETE
[2019.01.26-20.54.50:112][454]LogEditorActor: Deleted Actor: PostProcessVolume
[2019.01.26-20.54.50:134][454]LogEditorActor: Deleted 1 Actors (0.024 secs)
[2019.01.26-20.54.51:578][627]Cmd: TRANSACTION UNDO
[2019.01.26-20.54.51:579][627]LogEditorTransaction: Undo Delete Actors
[2019.01.26-20.54.52:363][702]LogEditorViewport: Clicking on Actor (LMB): PaperSpriteActor (Ledge_13)
[2019.01.26-20.54.53:291][806]Cmd: DELETE
[2019.01.26-20.54.53:291][806]Cmd: ACTOR DELETE
[2019.01.26-20.54.53:293][806]LogEditorActor: Deleted Actor: PaperSpriteActor
[2019.01.26-20.54.53:314][806]LogEditorActor: Deleted 1 Actors (0.023 secs)
[2019.01.26-20.54.56:215][149]LogEditorViewport: Clicking on Actor (LMB): PaperSpriteActor (Ledge_14)
[2019.01.26-20.54.57:817][328]Cmd: DELETE
[2019.01.26-20.54.57:817][328]Cmd: ACTOR DELETE
[2019.01.26-20.54.57:819][328]LogEditorActor: Deleted Actor: PaperSpriteActor
[2019.01.26-20.54.57:840][328]LogEditorActor: Deleted 1 Actors (0.023 secs)
[2019.01.26-20.54.58:127][362]LogSlate: FSceneViewport::OnFocusLost() reason 0
[2019.01.26-20.55.00:792][672]Cmd: TRANSACTION UNDO
[2019.01.26-20.55.00:792][672]LogEditorTransaction: Undo Move Actors
[2019.01.26-20.55.01:380][731]Cmd: TRANSACTION UNDO
[2019.01.26-20.55.01:380][731]LogEditorTransaction: Undo Create Actors
[2019.01.26-20.55.02:181][826]Cmd: TRANSACTION UNDO
[2019.01.26-20.55.02:182][826]LogEditorTransaction: Undo Delete Actors
[2019.01.26-20.55.20:403][984]LogSlate: FSceneViewport::OnFocusLost() reason 0
[2019.01.26-20.55.40:865][361]LogSlate: FSceneViewport::OnFocusLost() reason 0
[2019.01.26-20.55.40:956][372]LogTemp: Repeating last play command: Selected Viewport
[2019.01.26-20.55.40:969][372]LogBlueprintUserMessages: Early PlayInEditor Detection: Level '/Game/Maps/Level_1_blockout.Level_1_blockout:PersistentLevel' has LevelScriptBlueprint '/Game/Maps/Level_1_blockout.Level_1_blockout:PersistentLevel.Level_1_blockout' with GeneratedClass '/Game/Maps/Level_1_blockout.Level_1_blockout_C' with ClassGeneratedBy '/Game/Maps/Level_1_blockout.Level_1_blockout:PersistentLevel.Level_1_blockout'
[2019.01.26-20.55.40:969][372]LogPlayLevel: PlayLevel: No blueprints needed recompiling
[2019.01.26-20.55.40:981][372]PIE: New page: PIE session: Level_1_blockout (Jan 26, 2019, 4:55:40 AM)
[2019.01.26-20.55.40:981][372]LogPlayLevel: Creating play world package: /Game/Maps/UEDPIE_0_Level_1_blockout
[2019.01.26-20.55.40:984][372]LogPlayLevel: PIE: StaticDuplicateObject took: (0.002287s)
[2019.01.26-20.55.40:984][372]LogAIModule: Creating AISystem for world Level_1_blockout
[2019.01.26-20.55.40:984][372]LogPlayLevel: PIE: World Init took: (0.000743s)
[2019.01.26-20.55.40:984][372]LogPlayLevel: PIE: Created PIE world by copying editor world from /Game/Maps/Level_1_blockout.Level_1_blockout to /Game/Maps/UEDPIE_0_Level_1_blockout.Level_1_blockout (0.003161s)
[2019.01.26-20.55.41:015][372]LogInit: XAudio2 using 'Speakers (Realtek High Definition Audio)' : 2 channels at 48 kHz using 32 bits per sample (channel mask 0x3)
[2019.01.26-20.55.41:041][372]LogInit: FAudioDevice initialized.
[2019.01.26-20.55.41:086][372]LogLoad: Game class is '2DSideScrollerGameMode_C'
[2019.01.26-20.55.41:088][372]LogWorld: Bringing World /Game/Maps/UEDPIE_0_Level_1_blockout.Level_1_blockout up for play (max tick rate 0) at 2019.01.26-12.55.41
[2019.01.26-20.55.41:088][372]LogWorld: Bringing up level for play took: 0.001181
[2019.01.26-20.55.41:110][372]LogContentBrowser: Native class hierarchy updated for 'MovieSceneCapture' in 0.0003 seconds. Added 10 classes and 0 folders.
[2019.01.26-20.55.41:111][372]PIE: Play in editor start time for /Game/Maps/UEDPIE_0_Level_1_blockout -0.533
[2019.01.26-20.55.41:111][372]LogBlueprintUserMessages: Late PlayInEditor Detection: Level '/Game/Maps/Level_1_blockout.Level_1_blockout:PersistentLevel' has LevelScriptBlueprint '/Game/Maps/Level_1_blockout.Level_1_blockout:PersistentLevel.Level_1_blockout' with GeneratedClass '/Game/Maps/Level_1_blockout.Level_1_blockout_C' with ClassGeneratedBy '/Game/Maps/Level_1_blockout.Level_1_blockout:PersistentLevel.Level_1_blockout'
[2019.01.26-20.55.45:075][845]LogBlueprintUserMessages: [2DSideScrollerCharacter_254] Jumpws
[2019.01.26-20.55.45:575][905]LogBlueprintUserMessages: [2DSideScrollerCharacter_254] lands
[2019.01.26-20.55.50:024][438]LogBlueprintUserMessages: Early EndPlayMap Detection: Level '/Game/Maps/Level_1_blockout.Level_1_blockout:PersistentLevel' has LevelScriptBlueprint '/Game/Maps/Level_1_blockout.Level_1_blockout:PersistentLevel.Level_1_blockout' with GeneratedClass '/Game/Maps/Level_1_blockout.Level_1_blockout_C' with ClassGeneratedBy '/Game/Maps/Level_1_blockout.Level_1_blockout:PersistentLevel.Level_1_blockout'
[2019.01.26-20.55.50:024][438]LogSlate: Updating window title bar state: overlay mode, drag disabled, window buttons hidden, title bar hidden
[2019.01.26-20.55.50:062][438]LogPlayLevel: Display: Shutting down PIE online subsystems
[2019.01.26-20.55.50:063][438]LogBlueprintUserMessages: Late EndPlayMap Detection: Level '/Game/Maps/Level_1_blockout.Level_1_blockout:PersistentLevel' has LevelScriptBlueprint '/Game/Maps/Level_1_blockout.Level_1_blockout:PersistentLevel.Level_1_blockout' with GeneratedClass '/Game/Maps/Level_1_blockout.Level_1_blockout_C' with ClassGeneratedBy '/Game/Maps/Level_1_blockout.Level_1_blockout:PersistentLevel.Level_1_blockout'
[2019.01.26-20.55.50:085][438]LogSlate: Updating window title bar state: overlay mode, drag disabled, window buttons hidden, title bar hidden
[2019.01.26-20.55.50:130][442]LogPlayLevel: Display: Destroying online subsystem :Context_2
[2019.01.26-20.55.56:959][255]LogSlate: FSceneViewport::OnFocusLost() reason 0
[2019.01.26-20.56.27:872][824]LogEditorViewport: Clicking Background
[2019.01.26-20.56.36:720][875]LogEditorViewport: Clicking Background
[2019.01.26-20.56.37:501][968]LogSlate: FSceneViewport::OnFocusLost() reason 0
[2019.01.26-20.57.20:597][914]LogEditorViewport: Clicking on Actor (LMB): PaperSpriteActor (Ledge_2)
[2019.01.26-20.57.33:554][449]LogEditorViewport: Clicking on Actor (LMB): PaperSpriteActor (Ledge2)
[2019.01.26-20.57.35:234][642]Cmd: DUPLICATE
[2019.01.26-20.57.35:234][642]Cmd: ACTOR DUPLICATE
[2019.01.26-20.57.37:251][875]LogEditorViewport: Clicking on Actor (LMB): PaperSpriteActor (Ledge2)
[2019.01.26-20.57.41:224][323]LogEditorViewport: Clicking on Actor (LMB): PaperSpriteActor (Ledge_14)
[2019.01.26-20.57.42:176][413]Cmd: DUPLICATE
[2019.01.26-20.57.42:176][413]Cmd: ACTOR DUPLICATE
[2019.01.26-20.57.57:596][228]LogEditorViewport: Clicking Background
[2019.01.26-20.58.11:169][843]LogEditorViewport: Clicking on Actor (LMB): PaperSpriteActor (Ledge3)
[2019.01.26-20.58.24:244][391]Cmd: DELETE
[2019.01.26-20.58.24:244][391]Cmd: ACTOR DELETE
[2019.01.26-20.58.24:246][391]LogEditorActor: Deleted Actor: PaperSpriteActor
[2019.01.26-20.58.24:267][391]LogEditorActor: Deleted 1 Actors (0.024 secs)
[2019.01.26-20.58.24:469][415]LogSlate: FSceneViewport::OnFocusLost() reason 0
[2019.01.26-20.58.39:976][161]LogEditorViewport: Clicking on Actor (LMB): PaperSpriteActor (Ledge_3)
[2019.01.26-20.59.20:814][974]LogSlate: FSceneViewport::OnFocusLost() reason 0
[2019.01.26-20.59.21:039][986]LogSavePackage: Moving '../../../../../../Users/student/Documents/GitHub/whatsthename/WhatstheName/Saved/Level_1_blockoutA66A506A424D2DFBC11F6B96C61DBFE8.tmp' to '../../../../../../Users/student/Documents/GitHub/whatsthename/WhatstheName/Content/Maps/Level_1_blockout.umap'
[2019.01.26-20.59.23:245][238]LogSlate: Window 'WhatstheName - Unreal Editor' being destroyed
[2019.01.26-20.59.23:429][239]Cmd: QUIT_EDITOR
[2019.01.26-20.59.23:531][239]LogWindowsTextInputMethodSystem: Display: IME system now deactivated.
[2019.01.26-20.59.23:551][239]LogExit: Preparing to exit.
[2019.01.26-20.59.24:338][239]LogExit: Editor shut down
[2019.01.26-20.59.24:339][239]LogExit: Transaction tracking system shut down
[2019.01.26-20.59.24:909][239]LogExit: Object subsystem successfully closed.
[2019.01.26-20.59.24:926][239]LogShaderCompilers: Display: Shaders left to compile 0
[2019.01.26-20.59.24:929][239]LogD3D11RHI: Shutdown
[2019.01.26-20.59.24:929][239]LogD3D11RHI: CleanupD3DDevice
[2019.01.26-20.59.24:931][239]LogD3D11RHI: ~FD3D11DynamicRHI
[2019.01.26-20.59.24:971][239]LogModuleManager: Shutting down and abandoning module MovieSceneCapture (616)
[2019.01.26-20.59.24:971][239]LogModuleManager: Shutting down and abandoning module Voice (614)
[2019.01.26-20.59.24:971][239]LogModuleManager: Shutting down and abandoning module HierarchicalLODUtilities (612)
[2019.01.26-20.59.24:971][239]LogModuleManager: Shutting down and abandoning module HierarchicalLODOutliner (610)
[2019.01.26-20.59.24:971][239]LogModuleManager: Shutting down and abandoning module SceneOutliner (608)
[2019.01.26-20.59.24:971][239]LogModuleManager: Shutting down and abandoning module AddContentDialog (606)
[2019.01.26-20.59.24:972][239]LogModuleManager: Shutting down and abandoning module WidgetCarousel (605)
[2019.01.26-20.59.24:972][239]LogModuleManager: Shutting down and abandoning module EditorWidgets (602)
[2019.01.26-20.59.24:972][239]LogModuleManager: Shutting down and abandoning module CollectionManager (600)
[2019.01.26-20.59.24:972][239]LogModuleManager: Shutting down and abandoning module StatsViewer (598)
[2019.01.26-20.59.24:972][239]LogModuleManager: Shutting down and abandoning module FoliageEdit (596)
[2019.01.26-20.59.24:972][239]LogModuleManager: Shutting down and abandoning module LandscapeEditor (594)
[2019.01.26-20.59.24:972][239]LogModuleManager: Shutting down and abandoning module MeshPaintMode (592)
[2019.01.26-20.59.24:972][239]LogModuleManager: Shutting down and abandoning module SceneDepthPickerMode (590)
[2019.01.26-20.59.24:972][239]LogModuleManager: Shutting down and abandoning module ActorPickerMode (588)
[2019.01.26-20.59.24:972][239]LogModuleManager: Shutting down and abandoning module GeometryMode (586)
[2019.01.26-20.59.24:972][239]LogModuleManager: Shutting down and abandoning module TextureAlignMode (584)
[2019.01.26-20.59.24:972][239]LogModuleManager: Shutting down and abandoning module BspMode (582)
[2019.01.26-20.59.24:972][239]LogModuleManager: Shutting down and abandoning module PIEPreviewDeviceProfileSelector (580)
[2019.01.26-20.59.24:972][239]LogModuleManager: Shutting down and abandoning module SequenceRecorderSections (578)
[2019.01.26-20.59.24:972][239]LogModuleManager: Shutting down and abandoning module AutomationWorker (576)
[2019.01.26-20.59.24:972][239]LogModuleManager: Shutting down and abandoning module AudioCaptureEditor (574)
[2019.01.26-20.59.24:972][239]LogModuleManager: Shutting down and abandoning module SequenceRecorder (573)
[2019.01.26-20.59.24:972][239]LogModuleManager: Shutting down and abandoning module MatineeToLevelSequence (570)
[2019.01.26-20.59.24:972][239]LogModuleManager: Shutting down and abandoning module LevelSequenceEditor (568)
[2019.01.26-20.59.24:972][239]LogModuleManager: Shutting down and abandoning module PlacementMode (567)
[2019.01.26-20.59.24:972][239]LogModuleManager: Shutting down and abandoning module MaterialEditor (566)
[2019.01.26-20.59.24:972][239]LogModuleManager: Shutting down and abandoning module WmfMediaFactory (562)
[2019.01.26-20.59.24:973][239]LogModuleManager: Shutting down and abandoning module WmfMediaEditor (560)
[2019.01.26-20.59.24:973][239]LogModuleManager: Shutting down and abandoning module MediaPlayerEditor (558)
[2019.01.26-20.59.24:973][239]LogModuleManager: Shutting down and abandoning module OpenExrWrapper (556)
[2019.01.26-20.59.24:973][239]LogModuleManager: Shutting down and abandoning module ImgMediaFactory (554)
[2019.01.26-20.59.24:973][239]LogModuleManager: Shutting down and abandoning module ImgMediaEditor (552)
[2019.01.26-20.59.24:973][239]LogModuleManager: Shutting down and abandoning module AvfMediaFactory (550)
[2019.01.26-20.59.24:973][239]LogModuleManager: Shutting down and abandoning module AvfMediaEditor (548)
[2019.01.26-20.59.24:973][239]LogModuleManager: Shutting down and abandoning module AndroidMediaFactory (546)
[2019.01.26-20.59.24:973][239]LogModuleManager: Shutting down and abandoning module AndroidMediaEditor (544)
[2019.01.26-20.59.24:973][239]LogModuleManager: Shutting down and abandoning module MagicLeapCameraPreviewFactory (542)
[2019.01.26-20.59.24:973][239]LogModuleManager: Shutting down and abandoning module MagicLeapMediaFactory (540)
[2019.01.26-20.59.24:973][239]LogModuleManager: Shutting down and abandoning module MagicLeapMediaEditor (538)
[2019.01.26-20.59.24:973][239]LogModuleManager: Shutting down and abandoning module CharacterAI (536)
[2019.01.26-20.59.24:973][239]LogModuleManager: Shutting down and abandoning module SmartSnapping (534)
[2019.01.26-20.59.24:973][239]LogModuleManager: Shutting down and abandoning module SessionServices (532)
[2019.01.26-20.59.24:973][239]LogModuleManager: Shutting down and abandoning module ViewportSnapping (530)
[2019.01.26-20.59.24:973][239]LogModuleManager: Shutting down and abandoning module ViewportInteraction (528)
[2019.01.26-20.59.24:973][239]LogModuleManager: Shutting down and abandoning module ClothPainter (526)
[2019.01.26-20.59.24:973][239]LogModuleManager: Shutting down and abandoning module SkeletalMeshEditor (525)
[2019.01.26-20.59.24:973][239]LogModuleManager: Shutting down and abandoning module LogVisualizer (522)
[2019.01.26-20.59.24:973][239]LogModuleManager: Shutting down and abandoning module IntroTutorials (520)
[2019.01.26-20.59.24:973][239]LogModuleManager: Shutting down and abandoning module GameProjectGeneration (519)
[2019.01.26-20.59.24:973][239]LogModuleManager: Shutting down and abandoning module LuminPlatformEditor (516)
[2019.01.26-20.59.24:973][239]LogModuleManager: Shutting down and abandoning module IOSPlatformEditor (514)
[2019.01.26-20.59.24:973][239]LogModuleManager: Shutting down and abandoning module HTML5PlatformEditor (512)
[2019.01.26-20.59.24:973][239]LogModuleManager: Shutting down and abandoning module AndroidPlatformEditor (510)
[2019.01.26-20.59.24:973][239]LogModuleManager: Shutting down and abandoning module AndroidDeviceDetection (509)
[2019.01.26-20.59.25:510][239]LogModuleManager: Shutting down and abandoning module WindowsPlatformEditor (506)
[2019.01.26-20.59.25:510][239]LogModuleManager: Shutting down and abandoning module LuminRuntimeSettings (504)
[2019.01.26-20.59.25:510][239]LogModuleManager: Shutting down and abandoning module IOSRuntimeSettings (502)
[2019.01.26-20.59.25:510][239]LogModuleManager: Shutting down and abandoning module AndroidRuntimeSettings (500)
[2019.01.26-20.59.25:510][239]LogModuleManager: Shutting down and abandoning module InputBindingEditor (498)
[2019.01.26-20.59.25:510][239]LogModuleManager: Shutting down and abandoning module MergeActors (496)
[2019.01.26-20.59.25:510][239]LogModuleManager: Shutting down and abandoning module LocalizationDashboard (494)
[2019.01.26-20.59.25:510][239]LogModuleManager: Shutting down and abandoning module LocalizationService (493)
[2019.01.26-20.59.25:510][239]LogModuleManager: Shutting down and abandoning module HardwareTargeting (490)
[2019.01.26-20.59.25:510][239]LogModuleManager: Shutting down and abandoning module DeviceProfileEditor (488)
[2019.01.26-20.59.25:510][239]LogModuleManager: Shutting down and abandoning module UndoHistory (486)
[2019.01.26-20.59.25:510][239]LogModuleManager: Shutting down and abandoning module XmlParser (484)
[2019.01.26-20.59.25:510][239]LogModuleManager: Shutting down and abandoning module Blutility (482)
[2019.01.26-20.59.25:510][239]LogModuleManager: Shutting down and abandoning module ProjectSettingsViewer (480)
[2019.01.26-20.59.25:510][239]LogModuleManager: Shutting down and abandoning module ProjectTargetPlatformEditor (479)
[2019.01.26-20.59.25:511][239]LogModuleManager: Shutting down and abandoning module EditorSettingsViewer (476)
[2019.01.26-20.59.25:511][239]LogModuleManager: Shutting down and abandoning module SettingsEditor (474)
[2019.01.26-20.59.25:511][239]LogModuleManager: Shutting down and abandoning module ProjectLauncher (472)
[2019.01.26-20.59.25:511][239]LogModuleManager: Shutting down and abandoning module SessionFrontend (470)
[2019.01.26-20.59.25:511][239]LogModuleManager: Shutting down and abandoning module ProfilerClient (468)
[2019.01.26-20.59.25:511][239]LogModuleManager: Shutting down and abandoning module DeviceManager (466)
[2019.01.26-20.59.25:511][239]LogModuleManager: Shutting down and abandoning module TargetDeviceServices (465)
[2019.01.26-20.59.25:575][239]LogModuleManager: Shutting down and abandoning module AutomationController (462)
[2019.01.26-20.59.25:575][239]LogModuleManager: Shutting down and abandoning module AutomationWindow (460)
[2019.01.26-20.59.25:575][239]LogModuleManager: Shutting down and abandoning module Layers (458)
[2019.01.26-20.59.25:575][239]LogModuleManager: Shutting down and abandoning module ComponentVisualizers (456)
[2019.01.26-20.59.25:575][239]LogModuleManager: Shutting down and abandoning module DetailCustomizations (454)
[2019.01.26-20.59.25:575][239]LogModuleManager: Shutting down and abandoning module PackagesDialog (452)
[2019.01.26-20.59.25:575][239]LogModuleManager: Shutting down and abandoning module Persona (450)
[2019.01.26-20.59.25:575][239]LogModuleManager: Shutting down and abandoning module AdvancedPreviewScene (449)
[2019.01.26-20.59.25:575][239]LogModuleManager: Shutting down and abandoning module AnimGraph (447)
[2019.01.26-20.59.25:575][239]LogModuleManager: Shutting down and abandoning module Kismet (444)
[2019.01.26-20.59.25:575][239]LogModuleManager: Shutting down and abandoning module GraphEditor (442)
[2019.01.26-20.59.25:575][239]LogModuleManager: Shutting down and abandoning module ClassViewer (440)
[2019.01.26-20.59.25:575][239]LogModuleManager: Shutting down and abandoning module Toolbox (438)
[2019.01.26-20.59.25:575][239]LogModuleManager: Shutting down and abandoning module ModuleUI (436)
[2019.01.26-20.59.25:575][239]LogModuleManager: Shutting down and abandoning module MovieSceneTools (434)
[2019.01.26-20.59.25:576][239]LogModuleManager: Shutting down and abandoning module OutputLog (432)
[2019.01.26-20.59.25:576][239]LogModuleManager: Shutting down and abandoning module GammaUI (430)
[2019.01.26-20.59.25:576][239]LogModuleManager: Shutting down and abandoning module Documentation (428)
[2019.01.26-20.59.25:576][239]LogModuleManager: Shutting down and abandoning module MovieSceneTracks (426)
[2019.01.26-20.59.25:576][239]LogModuleManager: Shutting down and abandoning module MovieScene (424)
[2019.01.26-20.59.25:576][239]LogModuleManager: Shutting down and abandoning module StreamingPauseRendering (422)
[2019.01.26-20.59.25:576][239]LogModuleManager: Shutting down and abandoning module LauncherPlatform (420)
[2019.01.26-20.59.25:576][239]LogModuleManager: Shutting down and abandoning module AnalyticsET (418)
[2019.01.26-20.59.25:576][239]LogModuleManager: Shutting down and abandoning module PortalServices (416)
[2019.01.26-20.59.25:576][239]LogModuleManager: Shutting down and abandoning module PortalRpc (414)
[2019.01.26-20.59.25:576][239]LogModuleManager: Shutting down and abandoning module MessagingRpc (412)
[2019.01.26-20.59.25:576][239]LogModuleManager: Shutting down and abandoning module AIModule (410)
[2019.01.26-20.59.25:576][239]LogModuleManager: Shutting down and abandoning module GameplayDebugger (409)
[2019.01.26-20.59.25:576][239]LogModuleManager: Shutting down and abandoning module AITestSuite (407)
[2019.01.26-20.59.25:576][239]LogModuleManager: Shutting down and abandoning module NavigationSystem (405)
[2019.01.26-20.59.25:576][239]LogModuleManager: Shutting down and abandoning module DesktopPlatform (402)
[2019.01.26-20.59.25:576][239]LogModuleManager: Shutting down and abandoning module ProfilerService (400)
[2019.01.26-20.59.25:609][239]LogModuleManager: Shutting down and abandoning module TaskGraph (398)
[2019.01.26-20.59.25:609][239]LogModuleManager: Shutting down and abandoning module SteamVRController (396)
[2019.01.26-20.59.25:609][239]LogModuleManager: Shutting down and abandoning module ProceduralMeshComponentEditor (394)
[2019.01.26-20.59.25:609][239]LogModuleManager: Shutting down and abandoning module ProceduralMeshComponent (392)
[2019.01.26-20.59.25:609][239]LogModuleManager: Shutting down and abandoning module OculusInput (390)
[2019.01.26-20.59.25:609][239]LogModuleManager: Shutting down and abandoning module MobilePatchingUtils (388)
[2019.01.26-20.59.25:609][239]LogModuleManager: Shutting down and abandoning module EditableMesh (386)
[2019.01.26-20.59.25:609][239]LogModuleManager: Shutting down and abandoning module CustomMeshComponent (384)
[2019.01.26-20.59.25:609][239]LogModuleManager: Shutting down and abandoning module CableComponent (382)
[2019.01.26-20.59.25:610][239]LogModuleManager: Shutting down and abandoning module AudioCapture (380)
[2019.01.26-20.59.25:610][239]LogModuleManager: Shutting down and abandoning module ArchVisCharacter (378)
[2019.01.26-20.59.25:610][239]LogModuleManager: Shutting down and abandoning module AndroidPermission (376)
[2019.01.26-20.59.25:610][239]LogModuleManager: Shutting down and abandoning module NUTUnrealEngine4 (374)
[2019.01.26-20.59.25:610][239]LogModuleManager: Shutting down and abandoning module NetcodeUnitTest (372)
[2019.01.26-20.59.25:610][239]LogModuleManager: Shutting down and abandoning module MediaCompositingEditor (370)
[2019.01.26-20.59.25:610][239]LogModuleManager: Shutting down and abandoning module MediaCompositing (368)
[2019.01.26-20.59.25:610][239]LogModuleManager: Shutting down and abandoning module LinearTimecode (366)
[2019.01.26-20.59.25:610][239]LogModuleManager: Shutting down and abandoning module ImgMedia (364)
[2019.01.26-20.59.25:613][239]LogModuleManager: Shutting down and abandoning module HTML5Networking (362)
[2019.01.26-20.59.25:613][239]LogModuleManager: Shutting down and abandoning module GeometryCacheTracks (360)
[2019.01.26-20.59.25:613][239]LogModuleManager: Shutting down and abandoning module GeometryCacheSequencer (358)
[2019.01.26-20.59.25:613][239]LogModuleManager: Shutting down and abandoning module BackChannel (356)
[2019.01.26-20.59.25:613][239]LogModuleManager: Shutting down and abandoning module AppleVision (354)
[2019.01.26-20.59.25:613][239]LogModuleManager: Shutting down and abandoning module AppleImageUtils (352)
[2019.01.26-20.59.25:613][239]LogModuleManager: Shutting down and abandoning module AlembicImporter (350)
[2019.01.26-20.59.25:613][239]LogModuleManager: Shutting down and abandoning module AlembicLibrary (349)
[2019.01.26-20.59.25:613][239]LogModuleManager: Shutting down and abandoning module GeometryCache (348)
[2019.01.26-20.59.25:613][239]LogModuleManager: Shutting down and abandoning module GeometryCacheEd (347)
[2019.01.26-20.59.25:613][239]LogModuleManager: Shutting down and abandoning module DatasmithContentEditor (342)
[2019.01.26-20.59.25:613][239]LogModuleManager: Shutting down and abandoning module DatasmithContent (340)
[2019.01.26-20.59.25:613][239]LogModuleManager: Shutting down and abandoning module SpeedTreeImporter (338)
[2019.01.26-20.59.25:613][239]LogModuleManager: Shutting down and abandoning module PluginBrowser (336)
[2019.01.26-20.59.25:614][239]LogModuleManager: Shutting down and abandoning module MobileLauncherProfileWizard (334)
[2019.01.26-20.59.25:614][239]LogModuleManager: Shutting down and abandoning module PolygonModeling (332)
[2019.01.26-20.59.25:614][239]LogModuleManager: Shutting down and abandoning module MeshEditor (330)
[2019.01.26-20.59.25:614][239]LogModuleManager: Shutting down and abandoning module CryptoKeysOpenSSL (328)
[2019.01.26-20.59.25:614][239]LogModuleManager: Shutting down and abandoning module CryptoKeys (326)
[2019.01.26-20.59.25:614][239]LogModuleManager: Shutting down and abandoning module VisualStudioSourceCodeAccess (324)
[2019.01.26-20.59.25:614][239]LogModuleManager: Shutting down and abandoning module VisualStudioCodeSourceCodeAccess (322)
[2019.01.26-20.59.25:614][239]LogModuleManager: Shutting down and abandoning module UObjectPlugin (320)
[2019.01.26-20.59.25:614][239]LogModuleManager: Shutting down and abandoning module SubversionSourceControl (318)
[2019.01.26-20.59.25:614][239]LogModuleManager: Shutting down and abandoning module PerforceSourceControl (316)
[2019.01.26-20.59.25:614][239]LogModuleManager: Shutting down and abandoning module GitSourceControl (314)
[2019.01.26-20.59.25:614][239]LogModuleManager: Shutting down and abandoning module SourceControl (313)
[2019.01.26-20.59.25:614][239]LogModuleManager: Shutting down and abandoning module CLionSourceCodeAccess (310)
[2019.01.26-20.59.25:614][239]LogModuleManager: Shutting down and abandoning module LightPropagationVolumeEditor (308)
[2019.01.26-20.59.25:614][239]LogModuleManager: Shutting down and abandoning module PaperTiledImporter (306)
[2019.01.26-20.59.25:614][239]LogModuleManager: Shutting down and abandoning module PaperSpriteSheetImporter (304)
[2019.01.26-20.59.25:614][239]LogModuleManager: Shutting down and abandoning module Paper2DEditor (302)
[2019.01.26-20.59.25:614][239]LogModuleManager: Shutting down and abandoning module MeshPaint (301)
[2019.01.26-20.59.25:614][239]LogModuleManager: Shutting down and abandoning module RuntimePhysXCooking (298)
[2019.01.26-20.59.25:614][239]LogModuleManager: Shutting down and abandoning module PhysXVehiclesEditor (296)
[2019.01.26-20.59.25:614][239]LogModuleManager: Shutting down and abandoning module PhysXVehicles (294)
[2019.01.26-20.59.25:614][239]LogModuleManager: Shutting down and abandoning module OculusEditor (292)
[2019.01.26-20.59.25:614][239]LogModuleManager: Shutting down and abandoning module LocationServicesBPLibrary (290)
[2019.01.26-20.59.25:614][239]LogModuleManager: Shutting down and abandoning module ImmediatePhysicsEditor (288)
[2019.01.26-20.59.25:614][239]LogModuleManager: Shutting down and abandoning module ImmediatePhysics (286)
[2019.01.26-20.59.25:614][239]LogModuleManager: Shutting down and abandoning module ActorSequence (284)
[2019.01.26-20.59.25:614][239]LogModuleManager: Shutting down and abandoning module UdpMessaging (282)
[2019.01.26-20.59.25:715][239]LogModuleManager: Shutting down and abandoning module TcpMessaging (280)
[2019.01.26-20.59.25:816][239]LogModuleManager: Shutting down and abandoning module MagicLeapAudio (278)
[2019.01.26-20.59.25:816][239]LogModuleManager: Shutting down and abandoning module GameplayTagsEditor (276)
[2019.01.26-20.59.25:816][239]LogModuleManager: Shutting down and abandoning module FacialAnimationEditor (274)
[2019.01.26-20.59.25:816][239]LogModuleManager: Shutting down and abandoning module FacialAnimation (272)
[2019.01.26-20.59.25:816][239]LogModuleManager: Shutting down and abandoning module DataValidation (270)
[2019.01.26-20.59.25:816][239]LogModuleManager: Shutting down and abandoning module AssetManagerEditor (268)
[2019.01.26-20.59.25:816][239]LogModuleManager: Shutting down and abandoning module LevelEditor (267)
[2019.01.26-20.59.25:817][239]LogModuleManager: Shutting down and abandoning module PixelInspectorModule (266)
[2019.01.26-20.59.25:817][239]LogModuleManager: Shutting down and abandoning module CommonMenuExtensions (264)
[2019.01.26-20.59.25:817][239]LogModuleManager: Shutting down and abandoning module MainFrame (262)
[2019.01.26-20.59.25:817][239]LogModuleManager: Shutting down and abandoning module HotReload (261)
[2019.01.26-20.59.25:817][239]LogModuleManager: Shutting down and abandoning module ContentBrowser (257)
[2019.01.26-20.59.25:818][239]LogModuleManager: Shutting down and abandoning module TreeMap (255)
[2019.01.26-20.59.25:818][239]LogModuleManager: Shutting down and abandoning module LightPropagationVolumeRuntime (252)
[2019.01.26-20.59.25:818][239]LogModuleManager: Shutting down and abandoning module AISupportModule (250)
[2019.01.26-20.59.25:818][239]LogModuleManager: Shutting down and abandoning module Paper2D (248)
[2019.01.26-20.59.25:818][239]LogModuleManager: Shutting down and abandoning module WindowsMoviePlayer (246)
[2019.01.26-20.59.25:818][239]LogModuleManager: Shutting down and abandoning module WmfMedia (244)
[2019.01.26-20.59.25:820][239]LogModuleManager: Shutting down and abandoning module Media (243)
[2019.01.26-20.59.25:826][239]LogModuleManager: Shutting down and abandoning module PacketHandler (240)
[2019.01.26-20.59.25:826][239]LogModuleManager: Shutting down and abandoning module ClothingSystemEditor (238)
[2019.01.26-20.59.25:826][239]LogModuleManager: Shutting down and abandoning module ClothingSystemRuntime (236)
[2019.01.26-20.59.25:826][239]LogModuleManager: Shutting down and abandoning module MediaAssets (234)
[2019.01.26-20.59.25:826][239]LogModuleManager: Shutting down and abandoning module Overlay (232)
[2019.01.26-20.59.25:826][239]LogModuleManager: Shutting down and abandoning module OverlayEditor (231)
[2019.01.26-20.59.25:826][239]LogModuleManager: Shutting down and abandoning module VREditor (228)
[2019.01.26-20.59.25:826][239]LogModuleManager: Shutting down and abandoning module StringTableEditor (226)
[2019.01.26-20.59.25:826][239]LogModuleManager: Shutting down and abandoning module GameplayTasksEditor (224)
[2019.01.26-20.59.25:826][239]LogModuleManager: Shutting down and abandoning module BehaviorTreeEditor (222)
[2019.01.26-20.59.25:826][239]LogModuleManager: Shutting down and abandoning module FunctionalTesting (220)
[2019.01.26-20.59.25:826][239]LogModuleManager: Shutting down and abandoning module CollisionAnalyzer (218)
[2019.01.26-20.59.25:826][239]LogModuleManager: Shutting down and abandoning module WorkspaceMenuStructure (217)
[2019.01.26-20.59.25:826][239]LogModuleManager: Shutting down and abandoning module UMG (214)
[2019.01.26-20.59.25:826][239]LogModuleManager: Shutting down and abandoning module UMGEditor (213)
[2019.01.26-20.59.25:826][239]LogModuleManager: Shutting down and abandoning module Sequencer (212)
[2019.01.26-20.59.25:827][239]LogModuleManager: Shutting down and abandoning module MessageLog (209)
[2019.01.26-20.59.25:827][239]LogModuleManager: Shutting down and abandoning module SlateReflector (204)
[2019.01.26-20.59.25:827][239]LogModuleManager: Shutting down and abandoning module Slate (202)
[2019.01.26-20.59.25:827][239]LogModuleManager: Shutting down and abandoning module EditorStyle (200)
[2019.01.26-20.59.25:828][239]LogModuleManager: Shutting down and abandoning module MRMesh (198)
[2019.01.26-20.59.25:828][239]LogModuleManager: Shutting down and abandoning module SourceCodeAccess (196)
[2019.01.26-20.59.25:828][239]LogModuleManager: Shutting down and abandoning module HeadMountedDisplay (194)
[2019.01.26-20.59.25:828][239]LogModuleManager: Shutting down and abandoning module XAudio2 (192)
[2019.01.26-20.59.25:828][239]LogModuleManager: Shutting down and abandoning module Networking (190)
[2019.01.26-20.59.25:828][239]LogModuleManager: Shutting down and abandoning module Core (188)
[2019.01.26-20.59.25:828][239]LogModuleManager: Shutting down and abandoning module LevelSequence (186)
[2019.01.26-20.59.25:828][239]LogModuleManager: Shutting down and abandoning module KismetCompiler (184)
[2019.01.26-20.59.25:828][239]LogModuleManager: Shutting down and abandoning module MeshUtilities (182)
[2019.01.26-20.59.25:828][239]LogModuleManager: Shutting down and abandoning module MeshMergeUtilities (181)
[2019.01.26-20.59.25:828][239]LogModuleManager: Shutting down and abandoning module MeshReductionInterface (180)
[2019.01.26-20.59.25:828][239]LogModuleManager: Shutting down and abandoning module SimplygonSwarm (179)
[2019.01.26-20.59.25:828][239]LogModuleManager: Shutting down and abandoning module ProxyLODMeshReduction (177)
[2019.01.26-20.59.25:828][239]LogModuleManager: Shutting down and abandoning module SimplygonMeshReduction (175)
[2019.01.26-20.59.25:828][239]LogModuleManager: Shutting down and abandoning module QuadricMeshReduction (173)
[2019.01.26-20.59.25:829][239]LogModuleManager: Shutting down and abandoning module MaterialBaking (169)
[2019.01.26-20.59.25:829][239]LogModuleManager: Shutting down and abandoning module DirectoryWatcher (165)
[2019.01.26-20.59.25:829][239]LogModuleManager: Shutting down and abandoning module DerivedDataCache (162)
[2019.01.26-20.59.25:899][239]LogDerivedDataCache: Shutdown
[2019.01.26-20.59.25:899][239]LogModuleManager: Shutting down and abandoning module XGEController (160)
[2019.01.26-20.59.25:899][239]LogModuleManager: Shutting down and abandoning module TargetPlatform (158)
[2019.01.26-20.59.25:899][239]LogModuleManager: Shutting down and abandoning module VulkanShaderFormat (157)
[2019.01.26-20.59.25:899][239]LogModuleManager: Shutting down and abandoning module ShaderFormatVectorVM (155)
[2019.01.26-20.59.25:900][239]LogModuleManager: Shutting down and abandoning module ShaderFormatOpenGL (153)
[2019.01.26-20.59.25:900][239]LogModuleManager: Shutting down and abandoning module ShaderFormatD3D (151)
[2019.01.26-20.59.25:900][239]LogModuleManager: Shutting down and abandoning module MetalShaderFormat (149)
[2019.01.26-20.59.25:900][239]LogModuleManager: Shutting down and abandoning module TextureFormatUncompressed (147)
[2019.01.26-20.59.25:900][239]LogModuleManager: Shutting down and abandoning module TextureFormatPVR (145)
[2019.01.26-20.59.25:900][239]LogModuleManager: Shutting down and abandoning module TextureFormatDXT (143)
[2019.01.26-20.59.25:900][239]LogModuleManager: Shutting down and abandoning module TextureFormatIntelISPCTexComp (141)
[2019.01.26-20.59.25:900][239]LogModuleManager: Shutting down and abandoning module TextureFormatASTC (139)
[2019.01.26-20.59.25:900][239]LogModuleManager: Shutting down and abandoning module ImageWrapper (138)
[2019.01.26-20.59.25:900][239]LogModuleManager: Shutting down and abandoning module TextureFormatAndroid (135)
[2019.01.26-20.59.25:900][239]LogModuleManager: Shutting down and abandoning module AudioFormatOpus (133)
[2019.01.26-20.59.25:900][239]LogModuleManager: Shutting down and abandoning module AudioFormatOgg (131)
[2019.01.26-20.59.25:900][239]LogModuleManager: Shutting down and abandoning module AudioFormatADPCM (129)
[2019.01.26-20.59.25:900][239]LogModuleManager: Shutting down and abandoning module LuminTargetPlatform (127)
[2019.01.26-20.59.25:900][239]LogModuleManager: Shutting down and abandoning module LinuxTargetPlatform (125)
[2019.01.26-20.59.25:900][239]LogModuleManager: Shutting down and abandoning module LinuxServerTargetPlatform (123)
[2019.01.26-20.59.25:900][239]LogModuleManager: Shutting down and abandoning module LinuxNoEditorTargetPlatform (121)
[2019.01.26-20.59.25:900][239]LogModuleManager: Shutting down and abandoning module LinuxClientTargetPlatform (119)
[2019.01.26-20.59.25:900][239]LogModuleManager: Shutting down and abandoning module TVOSTargetPlatform (117)
[2019.01.26-20.59.25:901][239]LogModuleManager: Shutting down and abandoning module Messaging (115)
[2019.01.26-20.59.25:901][239]LogModuleManager: Shutting down and abandoning module IOSTargetPlatform (113)
[2019.01.26-20.59.25:901][239]LogModuleManager: Shutting down and abandoning module HTML5TargetPlatform (111)
[2019.01.26-20.59.25:901][239]LogModuleManager: Shutting down and abandoning module AndroidTargetPlatform (109)
[2019.01.26-20.59.25:907][239]LogModuleManager: Shutting down and abandoning module WindowsTargetPlatform (107)
[2019.01.26-20.59.25:907][239]LogModuleManager: Shutting down and abandoning module WindowsServerTargetPlatform (105)
[2019.01.26-20.59.25:907][239]LogModuleManager: Shutting down and abandoning module WindowsNoEditorTargetPlatform (103)
[2019.01.26-20.59.25:907][239]LogModuleManager: Shutting down and abandoning module WindowsClientTargetPlatform (101)
[2019.01.26-20.59.25:907][239]LogModuleManager: Shutting down and abandoning module MacTargetPlatform (99)
[2019.01.26-20.59.25:907][239]LogModuleManager: Shutting down and abandoning module MacServerTargetPlatform (97)
[2019.01.26-20.59.25:907][239]LogModuleManager: Shutting down and abandoning module MacNoEditorTargetPlatform (95)
[2019.01.26-20.59.25:907][239]LogModuleManager: Shutting down and abandoning module MacClientTargetPlatform (93)
[2019.01.26-20.59.25:907][239]LogModuleManager: Shutting down and abandoning module AllDesktopTargetPlatform (91)
[2019.01.26-20.59.25:907][239]LogModuleManager: Shutting down and abandoning module InputCore (88)
[2019.01.26-20.59.25:907][239]LogModuleManager: Shutting down and abandoning module Settings (86)
[2019.01.26-20.59.25:907][239]LogModuleManager: Shutting down and abandoning module PhysXCooking (84)
[2019.01.26-20.59.25:907][239]LogModuleManager: Shutting down and abandoning module SteamVR (82)
[2019.01.26-20.59.25:907][239]LogModuleManager: Shutting down and abandoning module OculusHMD (80)
[2019.01.26-20.59.25:908][239]LogModuleManager: Shutting down and abandoning module ExampleDeviceProfileSelector (78)
[2019.01.26-20.59.25:908][239]LogModuleManager: Shutting down and abandoning module LauncherChunkInstaller (76)
[2019.01.26-20.59.25:908][239]LogModuleManager: Shutting down and abandoning module OnlineBlueprintSupport (74)
[2019.01.26-20.59.25:908][239]LogModuleManager: Shutting down and abandoning module OnlineSubsystem (70)
[2019.01.26-20.59.25:908][239]LogModuleManager: Shutting down and abandoning module XMPP (65)
[2019.01.26-20.59.25:909][239]LogModuleManager: Shutting down and abandoning module WebSockets (64)
[2019.01.26-20.59.25:911][239]LogModuleManager: Shutting down and abandoning module HTTP (61)
[2019.01.26-20.59.25:911][239]LogHttp: Display: Http module shutting down, but needs to wait on 1 outstanding Http requests:
[2019.01.26-20.59.25:911][239]LogHttp: Display: 	verb=[POST] url=[https://datarouter.ol.epicgames.com/datarouter/api/v1/public/data?SessionID=%7B89E431A9-4D4B-48CB-424D-B1BC7C097C5F%7D&AppID=UEEditor.Rocket.Release&AppVersion=4.20.3-4369336%2B%2B%2BUE4%2BRelease-4.20&UserID=f0963f6541109576877bbebad0a29bf8%7Ce20133aafc504a09b851d9e8c6f2c63f%7C0d41ee42-a575-4f45-b1e7-0a48bae8856e&AppEnvironment=datacollector-binary&UploadType=eteventstream] status=Processing
[2019.01.26-20.59.25:916][239]LogModuleManager: Shutting down and abandoning module SSL (60)
[2019.01.26-20.59.25:917][239]LogModuleManager: Shutting down and abandoning module MagicLeapEmulator (56)
[2019.01.26-20.59.25:917][239]LogModuleManager: Shutting down and abandoning module MagicLeapPrivileges (54)
[2019.01.26-20.59.25:917][239]LogModuleManager: Shutting down and abandoning module MagicLeapIdentity (52)
[2019.01.26-20.59.25:917][239]LogModuleManager: Shutting down and abandoning module MagicLeapHelperVulkan (50)
[2019.01.26-20.59.25:917][239]LogModuleManager: Shutting down and abandoning module MagicLeapHelperOpenGL (48)
[2019.01.26-20.59.25:917][239]LogModuleManager: Shutting down and abandoning module MagicLeapSecureStorage (46)
[2019.01.26-20.59.25:917][239]LogModuleManager: Shutting down and abandoning module MagicLeapGestures (44)
[2019.01.26-20.59.25:918][239]LogModuleManager: Shutting down and abandoning module MagicLeapEyeTracker (42)
[2019.01.26-20.59.25:918][239]LogModuleManager: Shutting down and abandoning module MagicLeapController (40)
[2019.01.26-20.59.25:918][239]LogSlate: Slate User Destroyed.  User Index 0, Is Virtual User: 0
[2019.01.26-20.59.25:918][239]LogModuleManager: Shutting down and abandoning module MagicLeap (38)
[2019.01.26-20.59.25:918][239]LogModuleManager: Shutting down and abandoning module AnimationModifiers (36)
[2019.01.26-20.59.25:918][239]LogModuleManager: Shutting down and abandoning module PropertyEditor (35)
[2019.01.26-20.59.25:918][239]LogModuleManager: Shutting down and abandoning module AudioEditor (32)
[2019.01.26-20.59.25:918][239]LogModuleManager: Shutting down and abandoning module TextureCompressor (30)
[2019.01.26-20.59.25:918][239]LogModuleManager: Shutting down and abandoning module ShaderCore (28)
[2019.01.26-20.59.25:918][239]LogModuleManager: Shutting down and abandoning module Landscape (26)
[2019.01.26-20.59.25:918][239]LogModuleManager: Shutting down and abandoning module SlateRHIRenderer (24)
[2019.01.26-20.59.25:918][239]LogModuleManager: Shutting down and abandoning module OpenGLDrv (22)
[2019.01.26-20.59.25:919][239]LogModuleManager: Shutting down and abandoning module D3D11RHI (20)
[2019.01.26-20.59.25:919][239]LogModuleManager: Shutting down and abandoning module AnimGraphRuntime (18)
[2019.01.26-20.59.25:919][239]LogModuleManager: Shutting down and abandoning module Renderer (16)
[2019.01.26-20.59.25:919][239]LogModuleManager: Shutting down and abandoning module Engine (14)
[2019.01.26-20.59.25:919][239]LogModuleManager: Shutting down and abandoning module CoreUObject (12)
[2019.01.26-20.59.25:919][239]LogModuleManager: Shutting down and abandoning module NetworkFile (10)
[2019.01.26-20.59.25:919][239]LogModuleManager: Shutting down and abandoning module CookedIterativeFile (8)
[2019.01.26-20.59.25:919][239]LogModuleManager: Shutting down and abandoning module StreamingFile (6)
[2019.01.26-20.59.25:919][239]LogModuleManager: Shutting down and abandoning module SandboxFile (4)
[2019.01.26-20.59.25:919][239]LogModuleManager: Shutting down and abandoning module PakFile (2)
[2019.01.26-20.59.25:924][239]LogExit: Exiting.
[2019.01.26-20.59.25:942][239]Log file closed, 01/26/19 12:59:25
