Log file open, 01/26/19 12:29:03
LogWindows: Failed to load 'aqProf.dll' (GetLastError=126)
LogWindows: File 'aqProf.dll' does not exist
LogWindows: Failed to load 'VSPerf140.dll' (GetLastError=126)
LogWindows: File 'VSPerf140.dll' does not exist
LogWindows: Failed to load 'VtuneApi.dll' (GetLastError=126)
LogWindows: File 'VtuneApi.dll' does not exist
LogWindows: Failed to load 'VtuneApi32e.dll' (GetLastError=126)
LogWindows: File 'VtuneApi32e.dll' does not exist
LogInit: Display: Running engine for game: WhatstheName
LogPlatformFile: Not using cached read wrapper
LogTaskGraph: Started task graph with 5 named threads and 23 total threads with 3 sets of task threads.
LogStats: Stats thread started at 0.305442
LogD3D11RHI: Loaded GFSDK_Aftermath_Lib.x64.dll
LogICUInternationalization: Display: ICU TimeZone Detection - Raw Offset: -8:00, Platform Override: ''
LogPluginManager: Mounting plugin Paper2D
LogPluginManager: Mounting plugin AISupport
LogPluginManager: Mounting plugin LightPropagationVolume
LogPluginManager: Mounting plugin CLionSourceCodeAccess
LogPluginManager: Mounting plugin CodeLiteSourceCodeAccess
LogPluginManager: Mounting plugin GitSourceControl
LogPluginManager: Mounting plugin KDevelopSourceCodeAccess
LogPluginManager: Mounting plugin NullSourceCodeAccess
LogPluginManager: Mounting plugin PerforceSourceControl
LogPluginManager: Mounting plugin SubversionSourceControl
LogPluginManager: Mounting plugin UObjectPlugin
LogPluginManager: Mounting plugin VisualStudioCodeSourceCodeAccess
LogPluginManager: Mounting plugin VisualStudioSourceCodeAccess
LogPluginManager: Mounting plugin XCodeSourceCodeAccess
LogPluginManager: Mounting plugin AssetManagerEditor
LogPluginManager: Mounting plugin CryptoKeys
LogPluginManager: Mounting plugin DataValidation
LogPluginManager: Mounting plugin FacialAnimation
LogPluginManager: Mounting plugin GameplayTagsEditor
LogPluginManager: Mounting plugin MacGraphicsSwitching
LogPluginManager: Mounting plugin MeshEditor
LogPluginManager: Mounting plugin MobileLauncherProfileWizard
LogPluginManager: Mounting plugin PluginBrowser
LogPluginManager: Mounting plugin SpeedTreeImporter
LogPluginManager: Mounting plugin DatasmithContent
LogPluginManager: Mounting plugin AlembicImporter
LogPluginManager: Mounting plugin AppleImageUtils
LogPluginManager: Mounting plugin AppleVision
LogPluginManager: Mounting plugin BackChannel
LogPluginManager: Mounting plugin CharacterAI
LogPluginManager: Mounting plugin GeometryCache
LogPluginManager: Mounting plugin HTML5Networking
LogPluginManager: Mounting plugin ProxyLODPlugin
LogPluginManager: Mounting plugin MagicLeap
LogPluginManager: Mounting plugin MagicLeapEmulator
LogPluginManager: Mounting plugin MagicLeapMedia
LogPluginManager: Mounting plugin AndroidMedia
LogPluginManager: Mounting plugin AvfMedia
LogPluginManager: Mounting plugin ImgMedia
LogPluginManager: Mounting plugin LinearTimecode
LogPluginManager: Mounting plugin MediaCompositing
LogPluginManager: Mounting plugin MediaPlayerEditor
LogPluginManager: Mounting plugin WmfMedia
LogPluginManager: Mounting plugin TcpMessaging
LogPluginManager: Mounting plugin UdpMessaging
LogPluginManager: Mounting plugin ActorSequence
LogPluginManager: Mounting plugin LevelSequenceEditor
LogPluginManager: Mounting plugin MatineeToLevelSequence
LogPluginManager: Mounting plugin NetcodeUnitTest
LogPluginManager: Mounting plugin NUTUnrealEngine4
LogPluginManager: Mounting plugin OnlineSubsystemGooglePlay
LogPluginManager: Mounting plugin OnlineSubsystemIOS
LogPluginManager: Mounting plugin OnlineSubsystem
LogPluginManager: Mounting plugin OnlineSubsystemNull
LogPluginManager: Mounting plugin OnlineSubsystemUtils
LogPluginManager: Mounting plugin LauncherChunkInstaller
LogPluginManager: Mounting plugin AndroidDeviceProfileSelector
LogPluginManager: Mounting plugin AndroidMoviePlayer
LogPluginManager: Mounting plugin AndroidPermission
LogPluginManager: Mounting plugin AppleMoviePlayer
LogPluginManager: Mounting plugin ArchVisCharacter
LogPluginManager: Mounting plugin AudioCapture
LogPluginManager: Mounting plugin CableComponent
LogPluginManager: Mounting plugin CustomMeshComponent
LogPluginManager: Mounting plugin EditableMesh
LogPluginManager: Mounting plugin ExampleDeviceProfileSelector
LogPluginManager: Mounting plugin GoogleCloudMessaging
LogPluginManager: Mounting plugin ImmediatePhysics
LogPluginManager: Mounting plugin IOSDeviceProfileSelector
LogPluginManager: Mounting plugin LinuxDeviceProfileSelector
LogPluginManager: Mounting plugin LocationServicesBPLibrary
LogPluginManager: Mounting plugin MobilePatchingUtils
LogPluginManager: Mounting plugin OculusVR
LogPluginManager: Plugin shader directory ../../../Engine/Plugins/Runtime/Oculus/OculusVR/Shaders found
LogPluginManager: Mapping shader source directory ../../../Engine/Plugins/Runtime/Oculus/OculusVR/Shaders to virtual directory /Plugin/OculusVR
LogPluginManager: Mounting plugin PhysXVehicles
LogPluginManager: Mounting plugin ProceduralMeshComponent
LogPluginManager: Mounting plugin RuntimePhysXCooking
LogPluginManager: Mounting plugin SteamVR
LogPluginManager: Mounting plugin WindowsMoviePlayer
LogStreaming: Display: Took  0.189s to configure plugins.
LogInit: Using libcurl 7.55.1-DEV
LogInit:  - built for x86_64-pc-win32
LogInit:  - supports SSL with OpenSSL/1.0.2h
LogInit:  - supports HTTP deflate (compression) using libz 1.2.8
LogInit:  - other features:
LogInit:      CURL_VERSION_SSL
LogInit:      CURL_VERSION_LIBZ
LogInit:      CURL_VERSION_IPV6
LogInit:      CURL_VERSION_ASYNCHDNS
LogInit:      CURL_VERSION_LARGEFILE
LogInit:      CURL_VERSION_IDN
LogInit:  CurlRequestOptions (configurable via config and command line):
LogInit:  - bVerifyPeer = false  - Libcurl will NOT verify peer certificate
LogInit:  - bUseHttpProxy = false  - Libcurl will NOT use HTTP proxy
LogInit:  - bDontReuseConnections = false  - Libcurl will reuse connections
LogInit:  - CertBundlePath = nullptr  - Libcurl will use whatever was configured at build time.
LogInit:  - MaxHostConnections = 16  - Libcurl will limit the number of connections to a host
LogInit:  - LocalHostAddr = Default
LogInit:  - BufferSize = 65536
LogInit: WinSock: version 1.1 (2.2), MaxSocks=32767, MaxUdp=65467
LogInit: Build: ++UE4+Release-4.20-CL-4369336
LogInit: Engine Version: 4.20.3-4369336+++UE4+Release-4.20
LogInit: Compatible Engine Version: 4.20.0-4212847+++UE4+Release-4.20
LogInit: Net CL: 4212847
LogInit: OS: Windows 10 (), CPU:       Intel(R) Xeon(R) CPU E5-1620 v2 @ 3.70GHz, GPU: NVIDIA GeForce GTX 1080
LogInit: Compiled (64-bit): Sep 17 2018 12:26:19
LogInit: Compiled with Visual C++: 19.13.26129.00
LogInit: Build Configuration: Development
LogInit: Branch Name: ++UE4+Release-4.20
LogInit: Command Line: -EpicPortal  -epicusername="Jmelt Arcadia" -epicuserid=e20133aafc504a09b851d9e8c6f2c63f -epiclocale=en-US
LogInit: Base Directory: C:/Program Files/Epic Games/UE_4.20/Engine/Binaries/Win64/
LogInit: Installed Engine Build: 1
LogDevObjectVersion: Number of dev versions registered: 20
LogDevObjectVersion:   Dev-Blueprints (B0D832E4-1F89-4F0D-ACCF-7EB736FD4AA2): 10
LogDevObjectVersion:   Dev-Build (E1C64328-A22C-4D53-A36C-8E866417BD8C): 0
LogDevObjectVersion:   Dev-Core (375EC13C-06E4-48FB-B500-84F0262A717E): 2
LogDevObjectVersion:   Dev-Editor (E4B068ED-F494-42E9-A231-DA0B2E46BB41): 24
LogDevObjectVersion:   Dev-Framework (CFFC743F-43B0-4480-9391-14DF171D2073): 34
LogDevObjectVersion:   Dev-Mobile (B02B49B5-BB20-44E9-A304-32B752E40360): 2
LogDevObjectVersion:   Dev-Networking (A4E4105C-59A1-49B5-A7C5-40C4547EDFEE): 0
LogDevObjectVersion:   Dev-Online (39C831C9-5AE6-47DC-9A44-9C173E1C8E7C): 0
LogDevObjectVersion:   Dev-Physics (78F01B33-EBEA-4F98-B9B4-84EACCB95AA2): 0
LogDevObjectVersion:   Dev-Platform (6631380F-2D4D-43E0-8009-CF276956A95A): 0
LogDevObjectVersion:   Dev-Rendering (12F88B9F-8875-4AFC-A67C-D90C383ABD29): 26
LogDevObjectVersion:   Dev-Sequencer (7B5AE74C-D270-4C10-A958-57980B212A5A): 9
LogDevObjectVersion:   Dev-VR (D7296918-1DD6-4BDD-9DE2-64A83CC13884): 2
LogDevObjectVersion:   Dev-LoadTimes (C2A15278-BFE7-4AFE-6C17-90FF531DF755): 1
LogDevObjectVersion:   Private-Geometry (6EACA3D4-40EC-4CC1-B786-8BED09428FC5): 3
LogDevObjectVersion:   Dev-AnimPhys (29E575DD-E0A3-4627-9D10-D276232CDCEA): 17
LogDevObjectVersion:   Dev-ReflectionCapture (6B266CEC-1EC7-4B8F-A30B-E4D90942FC07): 1
LogDevObjectVersion:   Dev-Automation (0DF73D61-A23F-47EA-B727-89E90C41499A): 1
LogDevObjectVersion:   FortniteMain (601D1886-AC64-4F84-AA16-D3DE0DEAC7D6): 12
LogDevObjectVersion:   Dev-Enterprise (9DFFBCD6-494F-0158-E221-12823C92A888): 1
LogStreaming: Display: Took  0.003s to delete old logs.
LogInit: Presizing for max 8388607 objects, including 0 objects not considered by GC, pre-allocating 0 bytes for permanent pool.
LogInit: Object subsystem initialized
[2019.01.26-20.29.04:252][  0]LogInit: Selected Device Profile: [Windows]
[2019.01.26-20.29.04:252][  0]LogInit: Applying CVar settings loaded from the selected device profile: [Windows]
[2019.01.26-20.29.04:262][  0]LogHAL: Display: Platform has ~ 16 GB [17100017664 / 17179869184 / 16], which maps to Larger [LargestMinGB=32, LargerMinGB=12, DefaultMinGB=8, SmallerMinGB=6, SmallestMinGB=0)
[2019.01.26-20.29.04:262][  0]LogInit: Setting Device Profile CVar: [[r.Vulkan.UseRealUBs:1]]
[2019.01.26-20.29.04:262][  0]LogInit: Going up to parent DeviceProfile []
[2019.01.26-20.29.04:263][  0]LogInit: Computer: 2032-01-265-09
[2019.01.26-20.29.04:263][  0]LogInit: User: Student
[2019.01.26-20.29.04:263][  0]LogInit: CPU Page size=4096, Cores=4
[2019.01.26-20.29.04:263][  0]LogInit: High frequency timer resolution =10.000000 MHz
[2019.01.26-20.29.04:263][  0]LogMemory: Memory total: Physical=15.9GB (16GB approx)
[2019.01.26-20.29.04:263][  0]LogMemory: Platform Memory Stats for Windows
[2019.01.26-20.29.04:263][  0]LogMemory: Process Physical Memory: 99.86 MB used, 99.86 MB peak
[2019.01.26-20.29.04:263][  0]LogMemory: Process Virtual Memory: 90.96 MB used, 90.96 MB peak
[2019.01.26-20.29.04:263][  0]LogMemory: Physical Memory: 6502.84 MB used,  9805.01 MB free, 16307.85 MB total
[2019.01.26-20.29.04:263][  0]LogMemory: Virtual Memory: 4642.73 MB used,  9805.01 MB free, 134217728.00 MB total
[2019.01.26-20.29.04:287][  0]LogInit: Using OS detected language (en-US).
[2019.01.26-20.29.04:287][  0]LogInit: Using OS detected locale (en-US).
[2019.01.26-20.29.04:289][  0]LogTextLocalizationManager: No specific localization for 'en-US' exists, so the 'en' localization will be used.
[2019.01.26-20.29.04:672][  0]LogStreaming: Display: Took  0.384s to InitEngineTextLocalization.
[2019.01.26-20.29.04:672][  0]LogInit: Setting process to per monitor DPI aware
[2019.01.26-20.29.04:723][  0]LogSlate: New Slate User Created.  User Index 0, Is Virtual User: 0
[2019.01.26-20.29.04:723][  0]LogSlate: Slate User Registered.  User Index 0, Is Virtual User: 0
[2019.01.26-20.29.04:982][  0]LogHMD: Failed to initialize OpenVR with code 110
[2019.01.26-20.29.04:982][  0]LogD3D11RHI: D3D11 adapters:
[2019.01.26-20.29.05:065][  0]LogD3D11RHI:    0. 'NVIDIA GeForce GTX 1080' (Feature Level 11_0)
[2019.01.26-20.29.05:065][  0]LogD3D11RHI:       8079/0/8153 MB DedicatedVideo/DedicatedSystem/SharedSystem, Outputs:1, VendorId:0x10de
[2019.01.26-20.29.05:068][  0]LogD3D11RHI:    1. 'Microsoft Basic Render Driver' (Feature Level 11_0)
[2019.01.26-20.29.05:068][  0]LogD3D11RHI:       0/0/8153 MB DedicatedVideo/DedicatedSystem/SharedSystem, Outputs:0, VendorId:0x1414
[2019.01.26-20.29.05:068][  0]LogD3D11RHI: Chosen D3D11 Adapter: 0
[2019.01.26-20.29.05:076][  0]LogD3D11RHI: Creating new Direct3DDevice
[2019.01.26-20.29.05:076][  0]LogD3D11RHI:     GPU DeviceId: 0x1b80 (for the marketing name, search the web for "GPU Device Id")
[2019.01.26-20.29.05:076][  0]LogWindows: EnumDisplayDevices:
[2019.01.26-20.29.05:076][  0]LogWindows:    0. 'NVIDIA GeForce GTX 1080' (P:1 D:1)
[2019.01.26-20.29.05:077][  0]LogWindows:    1. 'NVIDIA GeForce GTX 1080' (P:0 D:0)
[2019.01.26-20.29.05:077][  0]LogWindows:    2. 'NVIDIA GeForce GTX 1080' (P:0 D:0)
[2019.01.26-20.29.05:078][  0]LogWindows:    3. 'NVIDIA GeForce GTX 1080' (P:0 D:0)
[2019.01.26-20.29.05:078][  0]LogWindows: DebugString: FoundDriverCount:4 
[2019.01.26-20.29.05:078][  0]LogD3D11RHI:     Adapter Name: NVIDIA GeForce GTX 1080
[2019.01.26-20.29.05:078][  0]LogD3D11RHI:   Driver Version: 397.93 (internal:24.21.13.9793, unified:397.93)
[2019.01.26-20.29.05:078][  0]LogD3D11RHI:      Driver Date: 5-22-2018
[2019.01.26-20.29.05:078][  0]LogRHI: Texture pool is 5655 MB (70% of 8079 MB)
[2019.01.26-20.29.05:130][  0]LogD3D11RHI: Async texture creation enabled
[2019.01.26-20.29.05:149][  0]LogD3D11RHI: GPU Timing Frequency: 1000.000000 (Debug: 2 2)
[2019.01.26-20.29.05:151][  0]LogShaderCompilers: Guid format shader working directory is -27 characters bigger than the processId version (../../../../../../Users/student/Documents/GitHub/whatsthename/WhatstheName/Intermediate/Shaders/WorkingDirectory/16072/).
[2019.01.26-20.29.05:151][  0]LogShaderCompilers: Cleaned the shader compiler working directory 'C:/Users/student/AppData/Local/Temp/UnrealShaderWorkingDir/037F27F944E78D70645B09A924480188/'.
[2019.01.26-20.29.05:541][  0]LogTemp: Display: Loaded TP AllDesktopTargetPlatform
[2019.01.26-20.29.05:560][  0]LogTemp: Display: Loaded TP MacClientTargetPlatform
[2019.01.26-20.29.05:578][  0]LogTemp: Display: Loaded TP MacNoEditorTargetPlatform
[2019.01.26-20.29.05:596][  0]LogTemp: Display: Loaded TP MacServerTargetPlatform
[2019.01.26-20.29.05:615][  0]LogTemp: Display: Loaded TP MacTargetPlatform
[2019.01.26-20.29.05:633][  0]LogTemp: Display: Loaded TP WindowsClientTargetPlatform
[2019.01.26-20.29.05:652][  0]LogTemp: Display: Loaded TP WindowsNoEditorTargetPlatform
[2019.01.26-20.29.05:671][  0]LogTemp: Display: Loaded TP WindowsServerTargetPlatform
[2019.01.26-20.29.05:681][  0]LogTemp: Display: Loaded TP WindowsTargetPlatform
[2019.01.26-20.29.05:774][  0]LogTemp: Display: Loaded TP AndroidTargetPlatform
[2019.01.26-20.29.05:774][  0]LogTemp: Display: Loaded TP AndroidTargetPlatform
[2019.01.26-20.29.05:774][  0]LogTemp: Display: Loaded TP AndroidTargetPlatform
[2019.01.26-20.29.05:774][  0]LogTemp: Display: Loaded TP AndroidTargetPlatform
[2019.01.26-20.29.05:774][  0]LogTemp: Display: Loaded TP AndroidTargetPlatform
[2019.01.26-20.29.05:774][  0]LogTemp: Display: Loaded TP AndroidTargetPlatform
[2019.01.26-20.29.05:774][  0]LogTemp: Display: Loaded TP AndroidTargetPlatform
[2019.01.26-20.29.05:774][  0]LogTemp: Display: Loaded TP AndroidTargetPlatform
[2019.01.26-20.29.05:774][  0]LogTemp: Display: Loaded TP AndroidTargetPlatform
[2019.01.26-20.29.05:775][  0]LogTemp: Display: Loaded TP AndroidTargetPlatform
[2019.01.26-20.29.05:775][  0]LogTemp: Display: Loaded TP AndroidTargetPlatform
[2019.01.26-20.29.05:775][  0]LogTemp: Display: Loaded TP AndroidTargetPlatform
[2019.01.26-20.29.05:775][  0]LogTemp: Display: Loaded TP AndroidTargetPlatform
[2019.01.26-20.29.05:775][  0]LogTemp: Display: Loaded TP AndroidTargetPlatform
[2019.01.26-20.29.05:775][  0]LogTemp: Display: Loaded TP AndroidTargetPlatform
[2019.01.26-20.29.05:775][  0]LogTemp: Display: Loaded TP AndroidTargetPlatform
[2019.01.26-20.29.05:775][  0]LogTemp: Display: Loaded TP AndroidTargetPlatform
[2019.01.26-20.29.05:775][  0]LogTemp: Display: Loaded TP AndroidTargetPlatform
[2019.01.26-20.29.05:777][  0]LogTemp: Display: Loaded TP HTML5TargetPlatform
[2019.01.26-20.29.05:843][  0]LogTemp: Display: Loaded TP IOSTargetPlatform
[2019.01.26-20.29.05:843][  0]LogTemp: Display: Loaded TP IOSTargetPlatform
[2019.01.26-20.29.05:871][  0]LogTemp: Display: Loaded TP TVOSTargetPlatform
[2019.01.26-20.29.05:871][  0]LogTemp: Display: Loaded TP TVOSTargetPlatform
[2019.01.26-20.29.05:886][  0]LogTemp: Display: Loaded TP LinuxClientTargetPlatform
[2019.01.26-20.29.05:900][  0]LogTemp: Display: Loaded TP LinuxNoEditorTargetPlatform
[2019.01.26-20.29.05:915][  0]LogTemp: Display: Loaded TP LinuxServerTargetPlatform
[2019.01.26-20.29.05:930][  0]LogTemp: Display: Loaded TP LinuxTargetPlatform
[2019.01.26-20.29.05:941][  0]LogTemp: Display: Loaded TP LuminTargetPlatform
[2019.01.26-20.29.05:941][  0]LogTargetPlatformManager: Display: Building Assets For Windows
[2019.01.26-20.29.06:043][  0]LogXGEController: Cannot use XGE Controller as Incredibuild is not installed on this machine.
[2019.01.26-20.29.06:043][  0]LogShaderCompilers: Cannot use XGE Shader Compiler as Incredibuild is not installed on this machine.
[2019.01.26-20.29.06:043][  0]LogShaderCompilers: Display: Using Local Shader Compiler.
[2019.01.26-20.29.06:990][  0]LogDerivedDataCache: Display: Max Cache Size: 512 MB
[2019.01.26-20.29.07:061][  0]LogDerivedDataCache: Loaded boot cache 0.07s 71MB C:/Users/student/AppData/Local/UnrealEngine/4.20/DerivedDataCache/Boot.ddc.
[2019.01.26-20.29.07:062][  0]LogDerivedDataCache: Display: Loaded Boot cache: C:/Users/student/AppData/Local/UnrealEngine/4.20/DerivedDataCache/Boot.ddc
[2019.01.26-20.29.07:062][  0]LogDerivedDataCache: FDerivedDataBackendGraph:  Pak pak cache file ../../../../../../Users/student/Documents/GitHub/whatsthename/WhatstheName/DerivedDataCache/DDC.ddp not found, will not use a pak cache.
[2019.01.26-20.29.07:062][  0]LogDerivedDataCache: Unable to find inner node Pak for hierarchical cache Hierarchy.
[2019.01.26-20.29.07:062][  0]LogDerivedDataCache: FDerivedDataBackendGraph:  CompressedPak pak cache file ../../../../../../Users/student/Documents/GitHub/whatsthename/WhatstheName/DerivedDataCache/Compressed.ddp not found, will not use a pak cache.
[2019.01.26-20.29.07:062][  0]LogDerivedDataCache: Unable to find inner node CompressedPak for hierarchical cache Hierarchy.
[2019.01.26-20.29.07:075][  0]LogDerivedDataCache: Display: Pak cache opened for reading ../../../Engine/DerivedDataCache/Compressed.ddp.
[2019.01.26-20.29.07:088][  0]LogDerivedDataCache: Using Local data cache path C:/Users/student/AppData/Local/UnrealEngine/Common/DerivedDataCache: Writable
[2019.01.26-20.29.07:088][  0]LogDerivedDataCache: Shared data cache path not found in *engine.ini, will not use an Shared cache.
[2019.01.26-20.29.07:088][  0]LogDerivedDataCache: Unable to find inner node Shared for hierarchical cache Hierarchy.
[2019.01.26-20.29.07:108][  0]LogMaterial: Verifying Global Shaders for PCD3D_SM5
[2019.01.26-20.29.07:109][  0]LogSlate: Using FreeType 2.6.0
[2019.01.26-20.29.07:110][  0]LogSlate: SlateFontServices - WITH_FREETYPE: 1, WITH_HARFBUZZ: 1
[2019.01.26-20.29.07:194][  0]LogAssetRegistry: FAssetRegistry took 0.0269 seconds to start up
[2019.01.26-20.29.07:804][  0]LogInit: Selected Device Profile: [Windows]
[2019.01.26-20.29.07:976][  0]LogSimplygon: Simplygon DLL not present - disabling.
[2019.01.26-20.29.07:982][  0]LogMeshReduction: Using SimplygonSwarm for distributed automatic mesh merging
[2019.01.26-20.29.07:982][  0]LogMeshReduction: Using ProxyLODMeshReduction for automatic mesh merging
[2019.01.26-20.29.07:982][  0]LogMeshReduction: Using QuadricMeshReduction for automatic static mesh reduction
[2019.01.26-20.29.07:982][  0]LogMeshReduction: No automatic skeletal mesh reduction module available
[2019.01.26-20.29.07:998][  0]LogNetVersion: WhatstheName 1.0.0, NetCL: 4212847, EngineNetVer: 5, GameNetVer: 0 (Checksum: 1780765421)
[2019.01.26-20.29.08:587][  0]LogPackageLocalizationCache: Processed 11 localized package path(s) for 2 prioritized culture(s) in 0.121045 seconds
[2019.01.26-20.29.08:599][  0]LogUObjectArray: 38425 objects as part of root set at end of initial load.
[2019.01.26-20.29.08:599][  0]LogUObjectAllocator: 6690864 out of 0 bytes used by permanent object pool.
[2019.01.26-20.29.08:599][  0]LogUObjectArray: CloseDisregardForGC: 0/0 objects in disregard for GC pool
[2019.01.26-20.29.09:759][  0]LogTcpMessaging: Initializing TcpMessaging bridge
[2019.01.26-20.29.09:773][  0]LogUdpMessaging: Initializing bridge on interface 0.0.0.0:0 to multicast group 230.0.0.1:6666.
[2019.01.26-20.29.09:932][  0]SourceControl: Source control is disabled
[2019.01.26-20.29.09:932][  0]SourceControl: Source control is disabled
[2019.01.26-20.29.09:934][  0]SourceControl: Source control is disabled
[2019.01.26-20.29.09:935][  0]SourceControl: Source control is disabled
[2019.01.26-20.29.10:127][  0]LogAndroidPermission: UAndroidPermissionCallbackProxy::GetInstance
[2019.01.26-20.29.10:203][  0]LogOcInput: OculusInput pre-init called
[2019.01.26-20.29.10:276][  0]LogEngine: Initializing Engine...
[2019.01.26-20.29.10:277][  0]LogHMD: Failed to initialize OpenVR with code 110
[2019.01.26-20.29.10:278][  0]LogStats: UGameplayTagsManager::ConstructGameplayTagTree: ImportINI prefixes -  0.000 s
[2019.01.26-20.29.10:278][  0]LogStats: UGameplayTagsManager::ConstructGameplayTagTree: Construct from data asset -  0.000 s
[2019.01.26-20.29.10:279][  0]LogStats: UGameplayTagsManager::ConstructGameplayTagTree: ImportINI -  0.000 s
[2019.01.26-20.29.10:279][  0]LogStats: UGameplayTagsManager::ConstructGameplayTagTree: GameplayTagTreeChangedEvent.Broadcast -  0.000 s
[2019.01.26-20.29.10:511][  0]LogInit: Initializing FReadOnlyCVARCache
[2019.01.26-20.29.10:538][  0]LogAIModule: Creating AISystem for world Untitled
[2019.01.26-20.29.10:557][  0]LogInit: XAudio2 using 'Speakers (Realtek High Definition Audio)' : 2 channels at 48 kHz using 32 bits per sample (channel mask 0x3)
[2019.01.26-20.29.10:624][  0]LogInit: FAudioDevice initialized.
[2019.01.26-20.29.10:625][  0]LogNetVersion: Set ProjectVersion to 1.0.0.0. Version Checksum will be recalculated on next use.
[2019.01.26-20.29.10:713][  0]LogDerivedDataCache: Saved boot cache 0.09s 71MB C:/Users/student/AppData/Local/UnrealEngine/4.20/DerivedDataCache/Boot.ddc.
[2019.01.26-20.29.10:727][  0]LogInit: Texture streaming: Enabled
[2019.01.26-20.29.10:774][  0]LogEngineSessionManager: EngineSessionManager initialized
[2019.01.26-20.29.10:794][  0]LogInit: Transaction tracking system initialized
[2019.01.26-20.29.10:837][  0]BlueprintLog: New page: Editor Load
[2019.01.26-20.29.10:973][  0]LocalizationService: Localization service is disabled
[2019.01.26-20.29.11:283][  0]LogCook: Display: Max memory allowance for cook 16384mb min free memory 0mb
[2019.01.26-20.29.11:283][  0]LogCook: Display: Mobile HDR setting 1
[2019.01.26-20.29.11:283][  0]LogGameplayTags: Display: UGameplayTagsManager::DoneAddingNativeTags. DelegateIsBound: 0
[2019.01.26-20.29.11:283][  0]LogStats: UGameplayTagsManager::ConstructGameplayTagTree: ImportINI prefixes -  0.000 s
[2019.01.26-20.29.11:283][  0]LogStats: UGameplayTagsManager::ConstructGameplayTagTree: Construct from data asset -  0.000 s
[2019.01.26-20.29.11:283][  0]LogStats: UGameplayTagsManager::ConstructGameplayTagTree: ImportINI -  0.000 s
[2019.01.26-20.29.11:283][  0]LogStats: UGameplayTagsManager::ConstructGameplayTagTree: GameplayTagTreeChangedEvent.Broadcast -  0.000 s
[2019.01.26-20.29.11:477][  0]LogFileCache: Scanning file cache for directory 'C:/Users/student/Documents/GitHub/whatsthename/WhatstheName/Content/' took 0.02s
[2019.01.26-20.29.11:477][  0]SourceControl: Source control is disabled
[2019.01.26-20.29.11:477][  0]Cmd: MAP LOAD FILE="../../../../../../Users/student/Documents/GitHub/whatsthename/WhatstheName/Content/2DSideScrollerBP/Maps/2DSideScrollerExampleMap.umap" TEMPLATE=0 SHOWPROGRESS=1 FEATURELEVEL=3
[2019.01.26-20.29.11:477][  0]LightingResults: New page: Lighting Build
[2019.01.26-20.29.11:483][  0]MapCheck: New page: Map Check
[2019.01.26-20.29.11:483][  0]LightingResults: New page: Lighting Build
[2019.01.26-20.29.11:726][  0]LogAIModule: Creating AISystem for world 2DSideScrollerExampleMap
[2019.01.26-20.29.11:730][  0]LogEditorServer: Finished looking for orphan Actors (0.000 secs)
[2019.01.26-20.29.11:754][  0]Cmd: MAP CHECKDEP NOCLEARLOG
[2019.01.26-20.29.11:884][  0]MapCheck: Map check complete: 0 Error(s), 0 Warning(s), took 130.706ms to complete.
[2019.01.26-20.29.11:885][  0]LogFileHelpers: Loading map '2DSideScrollerExampleMap' took 0.408
[2019.01.26-20.29.11:988][  0]LogSlate: Updating window title bar state: overlay mode, drag disabled, window buttons hidden, title bar hidden
[2019.01.26-20.29.11:997][  0]LogSlate: Updating window title bar state: overlay mode, drag disabled, window buttons hidden, title bar hidden
[2019.01.26-20.29.12:005][  0]LogSlate: Updating window title bar state: overlay mode, drag disabled, window buttons hidden, title bar hidden
[2019.01.26-20.29.12:013][  0]LogSlate: Updating window title bar state: overlay mode, drag disabled, window buttons hidden, title bar hidden
[2019.01.26-20.29.12:025][  0]LogCollectionManager: Loaded 0 collections in 0.003934 seconds
[2019.01.26-20.29.12:069][  0]LogFileCache: Scanning file cache for directory 'C:/Users/student/Documents/GitHub/whatsthename/WhatstheName/Saved/Collections/' took 0.01s
[2019.01.26-20.29.12:069][  0]LogFileCache: Scanning file cache for directory 'C:/Users/student/Documents/GitHub/whatsthename/WhatstheName/Content/Developers/Student/Collections/' took 0.01s
[2019.01.26-20.29.12:069][  0]LogFileCache: Scanning file cache for directory 'C:/Users/student/Documents/GitHub/whatsthename/WhatstheName/Content/Collections/' took 0.01s
[2019.01.26-20.29.12:069][  0]LogCollectionManager: Rebuilt the GUID cache for 0 collections in 0.000000 seconds
[2019.01.26-20.29.12:079][  0]LogContentBrowser: Native class hierarchy populated in 0.0098 seconds. Added 2572 classes and 603 folders.
[2019.01.26-20.29.12:090][  0]LogContentBrowser: Native class hierarchy updated for 'WidgetCarousel' in 0.0003 seconds. Added 0 classes and 0 folders.
[2019.01.26-20.29.12:156][  0]LogContentBrowser: Native class hierarchy updated for 'AddContentDialog' in 0.0002 seconds. Added 0 classes and 0 folders.
[2019.01.26-20.29.12:164][  0]LogContentBrowser: Native class hierarchy updated for 'SceneOutliner' in 0.0003 seconds. Added 1 classes and 2 folders.
[2019.01.26-20.29.12:184][  0]LogSlate: Took 0.000337 seconds to synchronously load lazily loaded font '../../../Engine/Content/Slate/Fonts/Roboto-Regular.ttf' (155K)
[2019.01.26-20.29.12:186][  0]LogSlate: Took 0.000239 seconds to synchronously load lazily loaded font '../../../Engine/Content/Slate/Fonts/Roboto-Bold.ttf' (160K)
[2019.01.26-20.29.12:193][  0]LogSlate: Took 0.000255 seconds to synchronously load lazily loaded font '../../../Engine/Content/Editor/Slate/Fonts/FontAwesome.ttf' (139K)
[2019.01.26-20.29.12:277][  0]LogRenderer: Reallocating scene render targets to support 1208x576 Format 10 NumSamples 1 (Frame:1).
[2019.01.26-20.29.12:390][  0]LogContentBrowser: Native class hierarchy updated for 'HierarchicalLODOutliner' in 0.0003 seconds. Added 0 classes and 0 folders.
[2019.01.26-20.29.12:390][  0]LogLoad: (Engine Initialization) Total time: 10.54 seconds
[2019.01.26-20.29.12:390][  0]LogLoad: (Engine Initialization) Total Blueprint compile time: 0.00 seconds
[2019.01.26-20.29.12:421][  0]LogContentStreaming: Texture pool size now 1000 MB
[2019.01.26-20.29.12:465][  0]LogSlate: Took 0.000234 seconds to synchronously load lazily loaded font '../../../Engine/Content/Slate/Fonts/Roboto-Light.ttf' (167K)
[2019.01.26-20.29.12:489][  1]LogAssetRegistry: Asset discovery search completed in 5.3174 seconds
[2019.01.26-20.29.12:491][  1]LogCollectionManager: Rebuilt the object cache for 0 collections in 0.000001 seconds (found 0 objects)
[2019.01.26-20.29.12:491][  1]LogCollectionManager: Fixed up redirectors for 0 collections in 0.000044 seconds (updated 0 objects)
[2019.01.26-20.29.13:422][109]LogSlate: Took 0.000255 seconds to synchronously load lazily loaded font '../../../Engine/Content/Slate/Fonts/Roboto-Light.ttf' (167K)
[2019.01.26-20.29.18:872][751]LogEditorViewport: Clicking on Actor (LMB): PaperSpriteActor (Ledge_13)
[2019.01.26-20.29.21:548][ 31]LogSlate: FSceneViewport::OnFocusLost() reason 0
[2019.01.26-20.29.21:693][ 44]LogAIModule: Creating AISystem for world Test_MAp_B
[2019.01.26-20.29.21:699][ 44]LogAssetEditorManager: Opening Asset editor for World /Game/2DSideScrollerBP/Maps/Test_MAp_B.Test_MAp_B
[2019.01.26-20.29.21:718][ 44]Cmd: MAP LOAD FILE="../../../../../../Users/student/Documents/GitHub/whatsthename/WhatstheName/Content/2DSideScrollerBP/Maps/Test_MAp_B.umap" TEMPLATE=0 SHOWPROGRESS=1 FEATURELEVEL=3
[2019.01.26-20.29.21:718][ 44]LightingResults: New page: Lighting Build
[2019.01.26-20.29.21:719][ 44]LoadErrors: New page: Loading map: Test_MAp_B.umap
[2019.01.26-20.29.21:720][ 44]MapCheck: New page: Map Check
[2019.01.26-20.29.21:720][ 44]LightingResults: New page: Lighting Build
[2019.01.26-20.29.21:745][ 44]LogEditorServer: Finished looking for orphan Actors (0.000 secs)
[2019.01.26-20.29.21:780][ 44]Cmd: MAP CHECKDEP NOCLEARLOG
[2019.01.26-20.29.21:907][ 44]MapCheck: Map check complete: 0 Error(s), 0 Warning(s), took 126.305ms to complete.
[2019.01.26-20.29.21:908][ 44]LogFileHelpers: Loading map 'Test_MAp_B' took 0.191
[2019.01.26-20.29.23:225][180]LogEditorViewport: Clicking on Actor (LMB): PaperSpriteActor (Ledge_32)
[2019.01.26-20.29.28:814][779]LogSlate: Took 0.000280 seconds to synchronously load lazily loaded font '../../../Engine/Content/Slate/Fonts/Roboto-Italic.ttf' (157K)
[2019.01.26-20.29.31:560][104]LogSlate: FSceneViewport::OnFocusLost() reason 0
[2019.01.26-20.29.47:825][ 39]LogEditorViewport: Clicking on Actor (LMB): PaperSpriteActor (Ledge_32)
[2019.01.26-20.30.12:946][ 33]LogSlate: FSceneViewport::OnFocusLost() reason 0
[2019.01.26-20.30.41:080][384]LogSlate: Window 'Select Path' being destroyed
[2019.01.26-20.31.32:663][647]LogAssetEditorManager: Opening Asset editor for PaperSprite /Game/2DSideScroller/Sprites/Ledge.Ledge
[2019.01.26-20.31.32:743][647]LogSlate: Took 0.000229 seconds to synchronously load lazily loaded font '../../../Engine/Content/Slate/Fonts/Roboto-BoldCondensed.ttf' (158K)
[2019.01.26-20.31.32:832][648]LogRenderer: Reallocating scene render targets to support 1216x576 Format 10 NumSamples 1 (Frame:1).
[2019.01.26-20.32.12:822][ 58]LogSlate: FSceneViewport::OnFocusLost() reason 0
[2019.01.26-20.32.35:126][282]LogSlate: FSceneViewport::OnFocusLost() reason 0
[2019.01.26-20.32.51:636][968]LogSlate: FSceneViewport::OnFocusLost() reason 0
[2019.01.26-20.32.51:713][977]LogSlate: Window 'Ledge*' being destroyed
[2019.01.26-20.32.51:717][977]LogSlate: Window 'Ledge*' being destroyed
[2019.01.26-20.33.13:096][493]LogAssetEditorManager: Opening Asset editor for PaperSprite /Game/2DSideScroller/Sprites/Ledge_2.Ledge_2
[2019.01.26-20.33.14:615][629]LogSlate: FSceneViewport::OnFocusLost() reason 0
[2019.01.26-20.33.18:299][  1]LogSlate: FSceneViewport::OnFocusLost() reason 0
[2019.01.26-20.33.18:374][ 10]LogSlate: Window 'Ledge_2*' being destroyed
[2019.01.26-20.33.18:378][ 10]LogSlate: Window 'Ledge_2*' being destroyed
[2019.01.26-20.33.19:177][100]LogAssetEditorManager: Opening Asset editor for PaperSprite /Game/2DSideScroller/Sprites/Ledge.Ledge
[2019.01.26-20.33.29:399][123]LogSlate: FSceneViewport::OnFocusLost() reason 0
[2019.01.26-20.33.38:399][ 16]LogSlate: FSceneViewport::OnFocusLost() reason 0
[2019.01.26-20.33.38:474][ 25]LogSlate: Window 'Ledge*' being destroyed
[2019.01.26-20.33.38:478][ 25]LogSlate: Window 'Ledge*' being destroyed
[2019.01.26-20.33.39:489][138]LogAssetEditorManager: Opening Asset editor for PaperSprite /Game/2DSideScroller/Sprites/Ledge_2.Ledge_2
[2019.01.26-20.33.58:781][ 52]LogSlate: FSceneViewport::OnFocusLost() reason 2
[2019.01.26-20.34.04:456][648]LogSlate: FSceneViewport::OnFocusLost() reason 0
[2019.01.26-20.34.04:549][659]LogSlate: Window 'Ledge_2*' being destroyed
[2019.01.26-20.34.04:553][659]LogSlate: Window 'Ledge_2*' being destroyed
[2019.01.26-20.34.06:123][843]LogEditorViewport: Clicking Background
[2019.01.26-20.34.07:188][969]LogSlate: FSceneViewport::OnFocusLost() reason 0
[2019.01.26-20.34.07:704][ 31]LogEditorViewport: Clicking on Actor (LMB): PaperSpriteActor (Ledge_32)
[2019.01.26-20.34.09:059][187]LogEditorViewport: Clicking on Actor (LMB): PaperSpriteActor (Ledge_31)
[2019.01.26-20.34.10:048][295]LogEditorViewport: Clicking Background
[2019.01.26-20.34.10:763][379]LogSlate: FSceneViewport::OnFocusLost() reason 0
[2019.01.26-20.34.38:007][506]LogEditorViewport: Clicking on Actor (LMB): PaperSpriteActor (Ledge_30)
[2019.01.26-20.34.41:809][911]LogEditorViewport: Clicking on Actor (LMB): PaperSpriteActor (Ledge_2)
[2019.01.26-20.34.45:209][293]LogSlate: FSceneViewport::OnFocusLost() reason 0
[2019.01.26-20.34.48:539][675]Cmd: TRANSACTION UNDO
[2019.01.26-20.34.48:539][675]LogEditorTransaction: Undo Move Actors
[2019.01.26-20.34.49:835][791]Cmd: TRANSACTION UNDO
[2019.01.26-20.34.49:835][791]LogEditorTransaction: Undo Move Actors
[2019.01.26-20.34.50:843][910]Cmd: DELETE
[2019.01.26-20.34.50:843][910]Cmd: ACTOR DELETE
[2019.01.26-20.34.50:846][910]LogEditorActor: Deleted Actor: PaperSpriteActor
[2019.01.26-20.34.50:870][910]LogEditorActor: Deleted 1 Actors (0.026 secs)
[2019.01.26-20.34.51:750][ 14]LogSlate: FSceneViewport::OnFocusLost() reason 0
[2019.01.26-20.35.17:914][973]LogSlate: FSceneViewport::OnFocusLost() reason 0
[2019.01.26-20.35.18:101][980]LogSavePackage: Moving '../../../../../../Users/student/Documents/GitHub/whatsthename/WhatstheName/Saved/Test_MAp_B4B7AEBDF414BE0459627D68105FFF52B.tmp' to '../../../../../../Users/student/Documents/GitHub/whatsthename/WhatstheName/Content/2DSideScrollerBP/Maps/Test_MAp_B.umap'
[2019.01.26-20.35.18:135][980]LogSavePackage: Moving '../../../../../../Users/student/Documents/GitHub/whatsthename/WhatstheName/Saved/Test_MAp_B_BuiltDataAE02F6B749AE0FEDBD02E991808DEB6A.tmp' to '../../../../../../Users/student/Documents/GitHub/whatsthename/WhatstheName/Content/2DSideScrollerBP/Maps/Test_MAp_B_BuiltData.uasset'
[2019.01.26-20.35.18:994][ 81]LogTemp: Repeating last play command: Selected Viewport
[2019.01.26-20.35.19:008][ 81]LogBlueprintUserMessages: Early PlayInEditor Detection: Level '/Game/2DSideScrollerBP/Maps/Test_MAp_B.Test_MAp_B:PersistentLevel' has LevelScriptBlueprint '/Game/2DSideScrollerBP/Maps/Test_MAp_B.Test_MAp_B:PersistentLevel.Test_MAp_B' with GeneratedClass '/Game/2DSideScrollerBP/Maps/Test_MAp_B.Test_MAp_B_C' with ClassGeneratedBy '/Game/2DSideScrollerBP/Maps/Test_MAp_B.Test_MAp_B:PersistentLevel.Test_MAp_B'
[2019.01.26-20.35.19:008][ 81]LogPlayLevel: PlayLevel: No blueprints needed recompiling
[2019.01.26-20.35.19:020][ 81]PIE: New page: PIE session: Test_MAp_B (Jan 26, 2019, 4:35:19 AM)
[2019.01.26-20.35.19:020][ 81]LogPlayLevel: Creating play world package: /Game/2DSideScrollerBP/Maps/UEDPIE_0_Test_MAp_B
[2019.01.26-20.35.19:023][ 81]LogPlayLevel: PIE: StaticDuplicateObject took: (0.002948s)
[2019.01.26-20.35.19:024][ 81]LogAIModule: Creating AISystem for world Test_MAp_B
[2019.01.26-20.35.19:024][ 81]LogPlayLevel: PIE: World Init took: (0.000763s)
[2019.01.26-20.35.19:024][ 81]LogPlayLevel: PIE: Created PIE world by copying editor world from /Game/2DSideScrollerBP/Maps/Test_MAp_B.Test_MAp_B to /Game/2DSideScrollerBP/Maps/UEDPIE_0_Test_MAp_B.Test_MAp_B (0.003855s)
[2019.01.26-20.35.19:055][ 81]LogInit: XAudio2 using 'Speakers (Realtek High Definition Audio)' : 2 channels at 48 kHz using 32 bits per sample (channel mask 0x3)
[2019.01.26-20.35.19:080][ 81]LogInit: FAudioDevice initialized.
[2019.01.26-20.35.19:127][ 81]LogLoad: Game class is '2DSideScrollerGameMode_C'
[2019.01.26-20.35.19:129][ 81]LogWorld: Bringing World /Game/2DSideScrollerBP/Maps/UEDPIE_0_Test_MAp_B.Test_MAp_B up for play (max tick rate 0) at 2019.01.26-12.35.19
[2019.01.26-20.35.19:131][ 81]LogWorld: Bringing up level for play took: 0.002628
[2019.01.26-20.35.19:156][ 81]LogContentBrowser: Native class hierarchy updated for 'MovieSceneCapture' in 0.0003 seconds. Added 10 classes and 0 folders.
[2019.01.26-20.35.19:156][ 81]PIE: Play in editor start time for /Game/2DSideScrollerBP/Maps/UEDPIE_0_Test_MAp_B -0.482
[2019.01.26-20.35.19:157][ 81]LogBlueprintUserMessages: Late PlayInEditor Detection: Level '/Game/2DSideScrollerBP/Maps/Test_MAp_B.Test_MAp_B:PersistentLevel' has LevelScriptBlueprint '/Game/2DSideScrollerBP/Maps/Test_MAp_B.Test_MAp_B:PersistentLevel.Test_MAp_B' with GeneratedClass '/Game/2DSideScrollerBP/Maps/Test_MAp_B.Test_MAp_B_C' with ClassGeneratedBy '/Game/2DSideScrollerBP/Maps/Test_MAp_B.Test_MAp_B:PersistentLevel.Test_MAp_B'
[2019.01.26-20.35.22:328][459]LogBlueprintUserMessages: [2DSideScrollerCharacter_254] Jumpws
[2019.01.26-20.35.23:011][541]LogBlueprintUserMessages: [2DSideScrollerCharacter_254] lands
[2019.01.26-20.35.24:303][696]LogBlueprintUserMessages: [2DSideScrollerCharacter_254] Jumpws
[2019.01.26-20.35.24:996][779]LogBlueprintUserMessages: [2DSideScrollerCharacter_254] lands
[2019.01.26-20.35.26:245][929]LogBlueprintUserMessages: [2DSideScrollerCharacter_254] Jumpws
[2019.01.26-20.35.26:979][ 17]LogBlueprintUserMessages: [2DSideScrollerCharacter_254] lands
[2019.01.26-20.35.28:778][233]LogBlueprintUserMessages: [2DSideScrollerCharacter_254] Jumpws
[2019.01.26-20.35.29:304][296]LogBlueprintUserMessages: [2DSideScrollerCharacter_254] lands
[2019.01.26-20.35.30:879][485]LogBlueprintUserMessages: [2DSideScrollerCharacter_254] lands
[2019.01.26-20.35.31:879][605]LogBlueprintUserMessages: [2DSideScrollerCharacter_254] lands
[2019.01.26-20.35.33:945][853]LogBlueprintUserMessages: [2DSideScrollerCharacter_254] Jumpws
[2019.01.26-20.35.34:279][893]LogBlueprintUserMessages: [2DSideScrollerCharacter_254] lands
[2019.01.26-20.35.35:195][  3]LogBlueprintUserMessages: [2DSideScrollerCharacter_254] Jumpws
[2019.01.26-20.35.35:721][ 66]LogBlueprintUserMessages: [2DSideScrollerCharacter_254] lands
[2019.01.26-20.35.37:429][271]LogBlueprintUserMessages: [2DSideScrollerCharacter_254] Jumpws
[2019.01.26-20.35.38:005][340]LogBlueprintUserMessages: [2DSideScrollerCharacter_254] lands
[2019.01.26-20.35.39:205][484]LogBlueprintUserMessages: [2DSideScrollerCharacter_254] Jumpws
[2019.01.26-20.35.40:221][606]LogBlueprintUserMessages: [2DSideScrollerCharacter_254] lands
[2019.01.26-20.35.50:291][814]LogBlueprintUserMessages: Early EndPlayMap Detection: Level '/Game/2DSideScrollerBP/Maps/Test_MAp_B.Test_MAp_B:PersistentLevel' has LevelScriptBlueprint '/Game/2DSideScrollerBP/Maps/Test_MAp_B.Test_MAp_B:PersistentLevel.Test_MAp_B' with GeneratedClass '/Game/2DSideScrollerBP/Maps/Test_MAp_B.Test_MAp_B_C' with ClassGeneratedBy '/Game/2DSideScrollerBP/Maps/Test_MAp_B.Test_MAp_B:PersistentLevel.Test_MAp_B'
[2019.01.26-20.35.50:292][814]LogSlate: Updating window title bar state: overlay mode, drag disabled, window buttons hidden, title bar hidden
[2019.01.26-20.35.50:325][814]LogPlayLevel: Display: Shutting down PIE online subsystems
[2019.01.26-20.35.50:325][814]LogBlueprintUserMessages: Late EndPlayMap Detection: Level '/Game/2DSideScrollerBP/Maps/Test_MAp_B.Test_MAp_B:PersistentLevel' has LevelScriptBlueprint '/Game/2DSideScrollerBP/Maps/Test_MAp_B.Test_MAp_B:PersistentLevel.Test_MAp_B' with GeneratedClass '/Game/2DSideScrollerBP/Maps/Test_MAp_B.Test_MAp_B_C' with ClassGeneratedBy '/Game/2DSideScrollerBP/Maps/Test_MAp_B.Test_MAp_B:PersistentLevel.Test_MAp_B'
[2019.01.26-20.35.50:348][814]LogSlate: Updating window title bar state: overlay mode, drag disabled, window buttons hidden, title bar hidden
[2019.01.26-20.35.50:398][818]LogPlayLevel: Display: Destroying online subsystem :Context_6
[2019.01.26-20.35.52:490][ 63]LogSlate: FSceneViewport::OnFocusLost() reason 0
[2019.01.26-20.35.52:655][ 82]LogAssetEditorManager: Opening Asset editor for PaperSprite /Game/2DSideScroller/Sprites/Ledge_2.Ledge_2
[2019.01.26-20.36.08:426][843]LogSlate: FSceneViewport::OnFocusLost() reason 0
[2019.01.26-20.36.08:501][852]LogSlate: Window 'Ledge_2*' being destroyed
[2019.01.26-20.36.08:506][852]LogSlate: Window 'Ledge_2*' being destroyed
[2019.01.26-20.36.09:445][961]LogTemp: Repeating last play command: Selected Viewport
[2019.01.26-20.36.09:457][961]LogBlueprintUserMessages: Early PlayInEditor Detection: Level '/Game/2DSideScrollerBP/Maps/Test_MAp_B.Test_MAp_B:PersistentLevel' has LevelScriptBlueprint '/Game/2DSideScrollerBP/Maps/Test_MAp_B.Test_MAp_B:PersistentLevel.Test_MAp_B' with GeneratedClass '/Game/2DSideScrollerBP/Maps/Test_MAp_B.Test_MAp_B_C' with ClassGeneratedBy '/Game/2DSideScrollerBP/Maps/Test_MAp_B.Test_MAp_B:PersistentLevel.Test_MAp_B'
[2019.01.26-20.36.09:457][961]LogPlayLevel: PlayLevel: No blueprints needed recompiling
[2019.01.26-20.36.09:457][961]PIE: New page: PIE session: Test_MAp_B (Jan 26, 2019, 4:36:09 AM)
[2019.01.26-20.36.09:457][961]LogPlayLevel: Creating play world package: /Game/2DSideScrollerBP/Maps/UEDPIE_0_Test_MAp_B
[2019.01.26-20.36.09:460][961]LogPlayLevel: PIE: StaticDuplicateObject took: (0.002762s)
[2019.01.26-20.36.09:461][961]LogAIModule: Creating AISystem for world Test_MAp_B
[2019.01.26-20.36.09:461][961]LogPlayLevel: PIE: World Init took: (0.000717s)
[2019.01.26-20.36.09:461][961]LogPlayLevel: PIE: Created PIE world by copying editor world from /Game/2DSideScrollerBP/Maps/Test_MAp_B.Test_MAp_B to /Game/2DSideScrollerBP/Maps/UEDPIE_0_Test_MAp_B.Test_MAp_B (0.003600s)
[2019.01.26-20.36.09:488][961]LogInit: XAudio2 using 'Speakers (Realtek High Definition Audio)' : 2 channels at 48 kHz using 32 bits per sample (channel mask 0x3)
[2019.01.26-20.36.09:512][961]LogInit: FAudioDevice initialized.
[2019.01.26-20.36.09:547][961]LogLoad: Game class is '2DSideScrollerGameMode_C'
[2019.01.26-20.36.09:549][961]LogWorld: Bringing World /Game/2DSideScrollerBP/Maps/UEDPIE_0_Test_MAp_B.Test_MAp_B up for play (max tick rate 0) at 2019.01.26-12.36.09
[2019.01.26-20.36.09:549][961]LogWorld: Bringing up level for play took: 0.001948
[2019.01.26-20.36.09:562][961]PIE: Play in editor start time for /Game/2DSideScrollerBP/Maps/UEDPIE_0_Test_MAp_B -0.076
[2019.01.26-20.36.09:562][961]LogBlueprintUserMessages: Late PlayInEditor Detection: Level '/Game/2DSideScrollerBP/Maps/Test_MAp_B.Test_MAp_B:PersistentLevel' has LevelScriptBlueprint '/Game/2DSideScrollerBP/Maps/Test_MAp_B.Test_MAp_B:PersistentLevel.Test_MAp_B' with GeneratedClass '/Game/2DSideScrollerBP/Maps/Test_MAp_B.Test_MAp_B_C' with ClassGeneratedBy '/Game/2DSideScrollerBP/Maps/Test_MAp_B.Test_MAp_B:PersistentLevel.Test_MAp_B'
[2019.01.26-20.36.12:177][274]LogBlueprintUserMessages: [2DSideScrollerCharacter_254] Jumpws
[2019.01.26-20.36.12:860][356]LogBlueprintUserMessages: [2DSideScrollerCharacter_254] lands
[2019.01.26-20.36.14:051][499]LogBlueprintUserMessages: [2DSideScrollerCharacter_254] Jumpws
[2019.01.26-20.36.14:743][582]LogBlueprintUserMessages: [2DSideScrollerCharacter_254] lands
[2019.01.26-20.36.15:935][725]LogBlueprintUserMessages: [2DSideScrollerCharacter_254] Jumpws
[2019.01.26-20.36.16:668][813]LogBlueprintUserMessages: [2DSideScrollerCharacter_254] lands
[2019.01.26-20.36.19:043][ 98]LogBlueprintUserMessages: [2DSideScrollerCharacter_254] lands
[2019.01.26-20.36.19:727][180]LogBlueprintUserMessages: [2DSideScrollerCharacter_254] Jumpws
[2019.01.26-20.36.20:061][220]LogBlueprintUserMessages: [2DSideScrollerCharacter_254] lands
[2019.01.26-20.36.20:652][291]LogBlueprintUserMessages: [2DSideScrollerCharacter_254] Jumpws
[2019.01.26-20.36.21:186][355]LogBlueprintUserMessages: [2DSideScrollerCharacter_254] lands
[2019.01.26-20.36.22:302][489]LogBlueprintUserMessages: [2DSideScrollerCharacter_254] lands
[2019.01.26-20.36.23:303][609]LogBlueprintUserMessages: [2DSideScrollerCharacter_254] lands
[2019.01.26-20.36.25:169][833]LogBlueprintUserMessages: [2DSideScrollerCharacter_254] Jumpws
[2019.01.26-20.36.25:503][873]LogBlueprintUserMessages: [2DSideScrollerCharacter_254] lands
[2019.01.26-20.36.25:903][921]LogBlueprintUserMessages: [2DSideScrollerCharacter_254] Jumpws
[2019.01.26-20.36.26:437][985]LogBlueprintUserMessages: [2DSideScrollerCharacter_254] lands
[2019.01.26-20.36.27:294][ 88]LogBlueprintUserMessages: [2DSideScrollerCharacter_254] lands
[2019.01.26-20.36.28:061][180]LogBlueprintUserMessages: [2DSideScrollerCharacter_254] lands
[2019.01.26-20.36.29:987][411]LogBlueprintUserMessages: [2DSideScrollerCharacter_254] Jumpws
[2019.01.26-20.36.30:545][478]LogBlueprintUserMessages: [2DSideScrollerCharacter_254] lands
[2019.01.26-20.36.40:627][686]LogBlueprintUserMessages: [2DSideScrollerCharacter_254] Jumpws
[2019.01.26-20.36.41:286][765]LogBlueprintUserMessages: [2DSideScrollerCharacter_254] lands
[2019.01.26-20.36.41:544][796]LogBlueprintUserMessages: [2DSideScrollerCharacter_254] Jumpws
[2019.01.26-20.36.42:202][875]LogBlueprintUserMessages: [2DSideScrollerCharacter_254] lands
[2019.01.26-20.36.42:361][894]LogBlueprintUserMessages: [2DSideScrollerCharacter_254] Jumpws
[2019.01.26-20.36.43:019][973]LogBlueprintUserMessages: [2DSideScrollerCharacter_254] lands
[2019.01.26-20.36.43:169][991]LogBlueprintUserMessages: [2DSideScrollerCharacter_254] Jumpws
[2019.01.26-20.36.43:827][ 70]LogBlueprintUserMessages: [2DSideScrollerCharacter_254] lands
[2019.01.26-20.36.43:911][ 80]LogBlueprintUserMessages: [2DSideScrollerCharacter_254] Jumpws
[2019.01.26-20.36.44:569][159]LogBlueprintUserMessages: [2DSideScrollerCharacter_254] lands
[2019.01.26-20.36.44:994][210]LogBlueprintUserMessages: [2DSideScrollerCharacter_254] Jumpws
[2019.01.26-20.36.45:652][289]LogBlueprintUserMessages: [2DSideScrollerCharacter_254] lands
[2019.01.26-20.36.48:745][660]LogBlueprintUserMessages: [2DSideScrollerCharacter_254] Jumpws
[2019.01.26-20.36.49:403][739]LogBlueprintUserMessages: [2DSideScrollerCharacter_254] lands
[2019.01.26-20.36.49:670][771]LogBlueprintUserMessages: [2DSideScrollerCharacter_254] Jumpws
[2019.01.26-20.36.50:329][850]LogBlueprintUserMessages: [2DSideScrollerCharacter_254] lands
[2019.01.26-20.36.50:429][862]LogBlueprintUserMessages: [2DSideScrollerCharacter_254] Jumpws
[2019.01.26-20.36.51:086][941]LogBlueprintUserMessages: [2DSideScrollerCharacter_254] lands
[2019.01.26-20.36.51:737][ 19]LogBlueprintUserMessages: [2DSideScrollerCharacter_254] Jumpws
[2019.01.26-20.36.52:395][ 98]LogBlueprintUserMessages: [2DSideScrollerCharacter_254] lands
[2019.01.26-20.36.54:556][357]LogBlueprintUserMessages: [2DSideScrollerCharacter_254] Jumpws
[2019.01.26-20.36.55:214][436]LogBlueprintUserMessages: [2DSideScrollerCharacter_254] lands
[2019.01.26-20.36.57:265][682]LogBlueprintUserMessages: Early EndPlayMap Detection: Level '/Game/2DSideScrollerBP/Maps/Test_MAp_B.Test_MAp_B:PersistentLevel' has LevelScriptBlueprint '/Game/2DSideScrollerBP/Maps/Test_MAp_B.Test_MAp_B:PersistentLevel.Test_MAp_B' with GeneratedClass '/Game/2DSideScrollerBP/Maps/Test_MAp_B.Test_MAp_B_C' with ClassGeneratedBy '/Game/2DSideScrollerBP/Maps/Test_MAp_B.Test_MAp_B:PersistentLevel.Test_MAp_B'
[2019.01.26-20.36.57:265][682]LogSlate: Updating window title bar state: overlay mode, drag disabled, window buttons hidden, title bar hidden
[2019.01.26-20.36.57:296][682]LogPlayLevel: Display: Shutting down PIE online subsystems
[2019.01.26-20.36.57:296][682]LogBlueprintUserMessages: Late EndPlayMap Detection: Level '/Game/2DSideScrollerBP/Maps/Test_MAp_B.Test_MAp_B:PersistentLevel' has LevelScriptBlueprint '/Game/2DSideScrollerBP/Maps/Test_MAp_B.Test_MAp_B:PersistentLevel.Test_MAp_B' with GeneratedClass '/Game/2DSideScrollerBP/Maps/Test_MAp_B.Test_MAp_B_C' with ClassGeneratedBy '/Game/2DSideScrollerBP/Maps/Test_MAp_B.Test_MAp_B:PersistentLevel.Test_MAp_B'
[2019.01.26-20.36.57:318][682]LogSlate: Updating window title bar state: overlay mode, drag disabled, window buttons hidden, title bar hidden
[2019.01.26-20.36.57:367][686]LogPlayLevel: Display: Destroying online subsystem :Context_8
[2019.01.26-20.46.36:954][156]LogSlate: FSceneViewport::OnFocusLost() reason 2
[2019.01.26-20.46.36:988][156]LogFileHelpers: Editor autosave (incl. sublevels) for '/Game/2DSideScrollerBP/Maps/Test_MAp_B' took 0.019
[2019.01.26-20.46.36:991][156]OBJ SavePackage: Generating thumbnails for [1] asset(s) in package [/Game/2DSideScroller/Sprites/Ledge] ([1] browsable assets)...
[2019.01.26-20.46.37:000][156]OBJ SavePackage:     Rendered thumbnail for [PaperSprite /Game/2DSideScroller/Sprites/Ledge.Ledge]
[2019.01.26-20.46.37:000][156]OBJ SavePackage: Finished generating thumbnails for package [/Game/2DSideScroller/Sprites/Ledge]
[2019.01.26-20.46.37:017][156]LogSavePackage: Moving '../../../../../../Users/student/Documents/GitHub/whatsthename/WhatstheName/Saved/Ledge_Auto1CFADC6E04DBD93A6A241F4A600B37E0A.tmp' to '../../../../../../Users/student/Documents/GitHub/whatsthename/WhatstheName/Saved/Autosaves/Game/2DSideScroller/Sprites/Ledge_Auto1.uasset'
[2019.01.26-20.46.37:020][156]OBJ SavePackage: Generating thumbnails for [1] asset(s) in package [/Game/2DSideScroller/Sprites/Ledge_2] ([1] browsable assets)...
[2019.01.26-20.46.37:029][156]OBJ SavePackage:     Rendered thumbnail for [PaperSprite /Game/2DSideScroller/Sprites/Ledge_2.Ledge_2]
[2019.01.26-20.46.37:029][156]OBJ SavePackage: Finished generating thumbnails for package [/Game/2DSideScroller/Sprites/Ledge_2]
[2019.01.26-20.46.37:037][156]LogSavePackage: Moving '../../../../../../Users/student/Documents/GitHub/whatsthename/WhatstheName/Saved/Ledge_2_Auto139471E9C4130D6058D6A6BAB99413FD6.tmp' to '../../../../../../Users/student/Documents/GitHub/whatsthename/WhatstheName/Saved/Autosaves/Game/2DSideScroller/Sprites/Ledge_2_Auto1.uasset'
[2019.01.26-20.46.37:039][156]LogFileHelpers: Auto-saving content packages took 0.050
[2019.01.26-20.51.22:898][479]LogSlate: FSceneViewport::OnFocusLost() reason 0
[2019.01.26-20.51.36:236][700]LogSlate: Window 'Save Content' being destroyed
[2019.01.26-20.51.36:254][700]Cmd: OBJ SAVEPACKAGE PACKAGE="/Game/2DSideScroller/Sprites/Ledge" FILE="../../../../../../Users/student/Documents/GitHub/whatsthename/WhatstheName/Content/2DSideScroller/Sprites/Ledge.uasset" SILENT=true
[2019.01.26-20.51.36:267][700]LogSavePackage: Moving '../../../../../../Users/student/Documents/GitHub/whatsthename/WhatstheName/Saved/LedgeDDCD5ACA4EB1D8663FFE49A191B0E619.tmp' to '../../../../../../Users/student/Documents/GitHub/whatsthename/WhatstheName/Content/2DSideScroller/Sprites/Ledge.uasset'
[2019.01.26-20.51.36:280][700]LogSavePackage: Moving '../../../../../../Users/student/Documents/GitHub/whatsthename/WhatstheName/Saved/Ledge_26035BC5C458BB655BC9B40B39721ED21.tmp' to '../../../../../../Users/student/Documents/GitHub/whatsthename/WhatstheName/Content/2DSideScroller/Sprites/Ledge_2.uasset'
[2019.01.26-20.51.36:335][700]LogSlate: Window 'WhatstheName - Unreal Editor' being destroyed
[2019.01.26-20.51.36:502][701]Cmd: QUIT_EDITOR
[2019.01.26-20.51.36:681][701]LogWindowsTextInputMethodSystem: Display: IME system now deactivated.
[2019.01.26-20.51.36:698][701]LogExit: Preparing to exit.
[2019.01.26-20.51.37:421][701]LogExit: Editor shut down
[2019.01.26-20.51.37:421][701]LogExit: Transaction tracking system shut down
[2019.01.26-20.51.38:115][701]LogExit: Object subsystem successfully closed.
[2019.01.26-20.51.38:134][701]LogShaderCompilers: Display: Shaders left to compile 0
[2019.01.26-20.51.38:137][701]LogD3D11RHI: Shutdown
[2019.01.26-20.51.38:137][701]LogD3D11RHI: CleanupD3DDevice
[2019.01.26-20.51.38:139][701]LogD3D11RHI: ~FD3D11DynamicRHI
[2019.01.26-20.51.38:179][701]LogModuleManager: Shutting down and abandoning module MovieSceneCapture (614)
[2019.01.26-20.51.38:179][701]LogModuleManager: Shutting down and abandoning module Voice (612)
[2019.01.26-20.51.38:179][701]LogModuleManager: Shutting down and abandoning module HierarchicalLODOutliner (610)
[2019.01.26-20.51.38:179][701]LogModuleManager: Shutting down and abandoning module SceneOutliner (608)
[2019.01.26-20.51.38:179][701]LogModuleManager: Shutting down and abandoning module AddContentDialog (606)
[2019.01.26-20.51.38:180][701]LogModuleManager: Shutting down and abandoning module WidgetCarousel (605)
[2019.01.26-20.51.38:180][701]LogModuleManager: Shutting down and abandoning module EditorWidgets (602)
[2019.01.26-20.51.38:180][701]LogModuleManager: Shutting down and abandoning module CollectionManager (600)
[2019.01.26-20.51.38:180][701]LogModuleManager: Shutting down and abandoning module StatsViewer (598)
[2019.01.26-20.51.38:180][701]LogModuleManager: Shutting down and abandoning module FoliageEdit (596)
[2019.01.26-20.51.38:180][701]LogModuleManager: Shutting down and abandoning module LandscapeEditor (594)
[2019.01.26-20.51.38:180][701]LogModuleManager: Shutting down and abandoning module MeshPaintMode (592)
[2019.01.26-20.51.38:180][701]LogModuleManager: Shutting down and abandoning module SceneDepthPickerMode (590)
[2019.01.26-20.51.38:180][701]LogModuleManager: Shutting down and abandoning module ActorPickerMode (588)
[2019.01.26-20.51.38:180][701]LogModuleManager: Shutting down and abandoning module GeometryMode (586)
[2019.01.26-20.51.38:180][701]LogModuleManager: Shutting down and abandoning module TextureAlignMode (584)
[2019.01.26-20.51.38:180][701]LogModuleManager: Shutting down and abandoning module BspMode (582)
[2019.01.26-20.51.38:180][701]LogModuleManager: Shutting down and abandoning module PIEPreviewDeviceProfileSelector (580)
[2019.01.26-20.51.38:180][701]LogModuleManager: Shutting down and abandoning module SequenceRecorderSections (578)
[2019.01.26-20.51.38:181][701]LogModuleManager: Shutting down and abandoning module AutomationWorker (576)
[2019.01.26-20.51.38:181][701]LogModuleManager: Shutting down and abandoning module AudioCaptureEditor (574)
[2019.01.26-20.51.38:181][701]LogModuleManager: Shutting down and abandoning module SequenceRecorder (573)
[2019.01.26-20.51.38:181][701]LogModuleManager: Shutting down and abandoning module MatineeToLevelSequence (570)
[2019.01.26-20.51.38:181][701]LogModuleManager: Shutting down and abandoning module LevelSequenceEditor (568)
[2019.01.26-20.51.38:181][701]LogModuleManager: Shutting down and abandoning module PlacementMode (567)
[2019.01.26-20.51.38:181][701]LogModuleManager: Shutting down and abandoning module MaterialEditor (566)
[2019.01.26-20.51.38:181][701]LogModuleManager: Shutting down and abandoning module WmfMediaFactory (562)
[2019.01.26-20.51.38:181][701]LogModuleManager: Shutting down and abandoning module WmfMediaEditor (560)
[2019.01.26-20.51.38:181][701]LogModuleManager: Shutting down and abandoning module MediaPlayerEditor (558)
[2019.01.26-20.51.38:181][701]LogModuleManager: Shutting down and abandoning module OpenExrWrapper (556)
[2019.01.26-20.51.38:181][701]LogModuleManager: Shutting down and abandoning module ImgMediaFactory (554)
[2019.01.26-20.51.38:181][701]LogModuleManager: Shutting down and abandoning module ImgMediaEditor (552)
[2019.01.26-20.51.38:181][701]LogModuleManager: Shutting down and abandoning module AvfMediaFactory (550)
[2019.01.26-20.51.38:181][701]LogModuleManager: Shutting down and abandoning module AvfMediaEditor (548)
[2019.01.26-20.51.38:181][701]LogModuleManager: Shutting down and abandoning module AndroidMediaFactory (546)
[2019.01.26-20.51.38:181][701]LogModuleManager: Shutting down and abandoning module AndroidMediaEditor (544)
[2019.01.26-20.51.38:181][701]LogModuleManager: Shutting down and abandoning module MagicLeapCameraPreviewFactory (542)
[2019.01.26-20.51.38:181][701]LogModuleManager: Shutting down and abandoning module MagicLeapMediaFactory (540)
[2019.01.26-20.51.38:181][701]LogModuleManager: Shutting down and abandoning module MagicLeapMediaEditor (538)
[2019.01.26-20.51.38:181][701]LogModuleManager: Shutting down and abandoning module CharacterAI (536)
[2019.01.26-20.51.38:181][701]LogModuleManager: Shutting down and abandoning module SmartSnapping (534)
[2019.01.26-20.51.38:181][701]LogModuleManager: Shutting down and abandoning module SessionServices (532)
[2019.01.26-20.51.38:181][701]LogModuleManager: Shutting down and abandoning module ViewportSnapping (530)
[2019.01.26-20.51.38:181][701]LogModuleManager: Shutting down and abandoning module ViewportInteraction (528)
[2019.01.26-20.51.38:181][701]LogModuleManager: Shutting down and abandoning module ClothPainter (526)
[2019.01.26-20.51.38:181][701]LogModuleManager: Shutting down and abandoning module SkeletalMeshEditor (525)
[2019.01.26-20.51.38:181][701]LogModuleManager: Shutting down and abandoning module LogVisualizer (522)
[2019.01.26-20.51.38:181][701]LogModuleManager: Shutting down and abandoning module IntroTutorials (520)
[2019.01.26-20.51.38:181][701]LogModuleManager: Shutting down and abandoning module GameProjectGeneration (519)
[2019.01.26-20.51.38:181][701]LogModuleManager: Shutting down and abandoning module LuminPlatformEditor (516)
[2019.01.26-20.51.38:182][701]LogModuleManager: Shutting down and abandoning module IOSPlatformEditor (514)
[2019.01.26-20.51.38:182][701]LogModuleManager: Shutting down and abandoning module HTML5PlatformEditor (512)
[2019.01.26-20.51.38:182][701]LogModuleManager: Shutting down and abandoning module AndroidPlatformEditor (510)
[2019.01.26-20.51.38:182][701]LogModuleManager: Shutting down and abandoning module AndroidDeviceDetection (509)
[2019.01.26-20.51.38:705][701]LogModuleManager: Shutting down and abandoning module WindowsPlatformEditor (506)
[2019.01.26-20.51.38:705][701]LogModuleManager: Shutting down and abandoning module LuminRuntimeSettings (504)
[2019.01.26-20.51.38:705][701]LogModuleManager: Shutting down and abandoning module IOSRuntimeSettings (502)
[2019.01.26-20.51.38:705][701]LogModuleManager: Shutting down and abandoning module AndroidRuntimeSettings (500)
[2019.01.26-20.51.38:705][701]LogModuleManager: Shutting down and abandoning module InputBindingEditor (498)
[2019.01.26-20.51.38:705][701]LogModuleManager: Shutting down and abandoning module MergeActors (496)
[2019.01.26-20.51.38:706][701]LogModuleManager: Shutting down and abandoning module LocalizationDashboard (494)
[2019.01.26-20.51.38:706][701]LogModuleManager: Shutting down and abandoning module LocalizationService (493)
[2019.01.26-20.51.38:706][701]LogModuleManager: Shutting down and abandoning module HardwareTargeting (490)
[2019.01.26-20.51.38:706][701]LogModuleManager: Shutting down and abandoning module DeviceProfileEditor (488)
[2019.01.26-20.51.38:706][701]LogModuleManager: Shutting down and abandoning module UndoHistory (486)
[2019.01.26-20.51.38:706][701]LogModuleManager: Shutting down and abandoning module XmlParser (484)
[2019.01.26-20.51.38:706][701]LogModuleManager: Shutting down and abandoning module Blutility (482)
[2019.01.26-20.51.38:706][701]LogModuleManager: Shutting down and abandoning module ProjectSettingsViewer (480)
[2019.01.26-20.51.38:706][701]LogModuleManager: Shutting down and abandoning module ProjectTargetPlatformEditor (479)
[2019.01.26-20.51.38:706][701]LogModuleManager: Shutting down and abandoning module EditorSettingsViewer (476)
[2019.01.26-20.51.38:706][701]LogModuleManager: Shutting down and abandoning module SettingsEditor (474)
[2019.01.26-20.51.38:706][701]LogModuleManager: Shutting down and abandoning module ProjectLauncher (472)
[2019.01.26-20.51.38:706][701]LogModuleManager: Shutting down and abandoning module SessionFrontend (470)
[2019.01.26-20.51.38:706][701]LogModuleManager: Shutting down and abandoning module ProfilerClient (468)
[2019.01.26-20.51.38:706][701]LogModuleManager: Shutting down and abandoning module DeviceManager (466)
[2019.01.26-20.51.38:706][701]LogModuleManager: Shutting down and abandoning module TargetDeviceServices (465)
[2019.01.26-20.51.38:770][701]LogModuleManager: Shutting down and abandoning module AutomationController (462)
[2019.01.26-20.51.38:770][701]LogModuleManager: Shutting down and abandoning module AutomationWindow (460)
[2019.01.26-20.51.38:770][701]LogModuleManager: Shutting down and abandoning module Layers (458)
[2019.01.26-20.51.38:770][701]LogModuleManager: Shutting down and abandoning module ComponentVisualizers (456)
[2019.01.26-20.51.38:770][701]LogModuleManager: Shutting down and abandoning module DetailCustomizations (454)
[2019.01.26-20.51.38:770][701]LogModuleManager: Shutting down and abandoning module PackagesDialog (452)
[2019.01.26-20.51.38:770][701]LogModuleManager: Shutting down and abandoning module Persona (450)
[2019.01.26-20.51.38:770][701]LogModuleManager: Shutting down and abandoning module AdvancedPreviewScene (449)
[2019.01.26-20.51.38:770][701]LogModuleManager: Shutting down and abandoning module AnimGraph (447)
[2019.01.26-20.51.38:770][701]LogModuleManager: Shutting down and abandoning module Kismet (444)
[2019.01.26-20.51.38:770][701]LogModuleManager: Shutting down and abandoning module GraphEditor (442)
[2019.01.26-20.51.38:770][701]LogModuleManager: Shutting down and abandoning module ClassViewer (440)
[2019.01.26-20.51.38:770][701]LogModuleManager: Shutting down and abandoning module Toolbox (438)
[2019.01.26-20.51.38:771][701]LogModuleManager: Shutting down and abandoning module ModuleUI (436)
[2019.01.26-20.51.38:771][701]LogModuleManager: Shutting down and abandoning module MovieSceneTools (434)
[2019.01.26-20.51.38:771][701]LogModuleManager: Shutting down and abandoning module OutputLog (432)
[2019.01.26-20.51.38:771][701]LogModuleManager: Shutting down and abandoning module GammaUI (430)
[2019.01.26-20.51.38:771][701]LogModuleManager: Shutting down and abandoning module Documentation (428)
[2019.01.26-20.51.38:771][701]LogModuleManager: Shutting down and abandoning module MovieSceneTracks (426)
[2019.01.26-20.51.38:771][701]LogModuleManager: Shutting down and abandoning module MovieScene (424)
[2019.01.26-20.51.38:771][701]LogModuleManager: Shutting down and abandoning module StreamingPauseRendering (422)
[2019.01.26-20.51.38:771][701]LogModuleManager: Shutting down and abandoning module LauncherPlatform (420)
[2019.01.26-20.51.38:771][701]LogModuleManager: Shutting down and abandoning module AnalyticsET (418)
[2019.01.26-20.51.38:771][701]LogModuleManager: Shutting down and abandoning module PortalServices (416)
[2019.01.26-20.51.38:771][701]LogModuleManager: Shutting down and abandoning module PortalRpc (414)
[2019.01.26-20.51.38:771][701]LogModuleManager: Shutting down and abandoning module MessagingRpc (412)
[2019.01.26-20.51.38:771][701]LogModuleManager: Shutting down and abandoning module AIModule (410)
[2019.01.26-20.51.38:771][701]LogModuleManager: Shutting down and abandoning module GameplayDebugger (409)
[2019.01.26-20.51.38:771][701]LogModuleManager: Shutting down and abandoning module AITestSuite (407)
[2019.01.26-20.51.38:771][701]LogModuleManager: Shutting down and abandoning module NavigationSystem (405)
[2019.01.26-20.51.38:771][701]LogModuleManager: Shutting down and abandoning module DesktopPlatform (402)
[2019.01.26-20.51.38:771][701]LogModuleManager: Shutting down and abandoning module ProfilerService (400)
[2019.01.26-20.51.38:864][701]LogModuleManager: Shutting down and abandoning module TaskGraph (398)
[2019.01.26-20.51.38:864][701]LogModuleManager: Shutting down and abandoning module SteamVRController (396)
[2019.01.26-20.51.38:864][701]LogModuleManager: Shutting down and abandoning module ProceduralMeshComponentEditor (394)
[2019.01.26-20.51.38:865][701]LogModuleManager: Shutting down and abandoning module ProceduralMeshComponent (392)
[2019.01.26-20.51.38:865][701]LogModuleManager: Shutting down and abandoning module OculusInput (390)
[2019.01.26-20.51.38:865][701]LogModuleManager: Shutting down and abandoning module MobilePatchingUtils (388)
[2019.01.26-20.51.38:865][701]LogModuleManager: Shutting down and abandoning module EditableMesh (386)
[2019.01.26-20.51.38:865][701]LogModuleManager: Shutting down and abandoning module CustomMeshComponent (384)
[2019.01.26-20.51.38:865][701]LogModuleManager: Shutting down and abandoning module CableComponent (382)
[2019.01.26-20.51.38:865][701]LogModuleManager: Shutting down and abandoning module AudioCapture (380)
[2019.01.26-20.51.38:865][701]LogModuleManager: Shutting down and abandoning module ArchVisCharacter (378)
[2019.01.26-20.51.38:865][701]LogModuleManager: Shutting down and abandoning module AndroidPermission (376)
[2019.01.26-20.51.38:865][701]LogModuleManager: Shutting down and abandoning module NUTUnrealEngine4 (374)
[2019.01.26-20.51.38:865][701]LogModuleManager: Shutting down and abandoning module NetcodeUnitTest (372)
[2019.01.26-20.51.38:865][701]LogModuleManager: Shutting down and abandoning module MediaCompositingEditor (370)
[2019.01.26-20.51.38:865][701]LogModuleManager: Shutting down and abandoning module MediaCompositing (368)
[2019.01.26-20.51.38:865][701]LogModuleManager: Shutting down and abandoning module LinearTimecode (366)
[2019.01.26-20.51.38:865][701]LogModuleManager: Shutting down and abandoning module ImgMedia (364)
[2019.01.26-20.51.38:868][701]LogModuleManager: Shutting down and abandoning module HTML5Networking (362)
[2019.01.26-20.51.38:868][701]LogModuleManager: Shutting down and abandoning module GeometryCacheTracks (360)
[2019.01.26-20.51.38:868][701]LogModuleManager: Shutting down and abandoning module GeometryCacheSequencer (358)
[2019.01.26-20.51.38:868][701]LogModuleManager: Shutting down and abandoning module BackChannel (356)
[2019.01.26-20.51.38:868][701]LogModuleManager: Shutting down and abandoning module AppleVision (354)
[2019.01.26-20.51.38:868][701]LogModuleManager: Shutting down and abandoning module AppleImageUtils (352)
[2019.01.26-20.51.38:868][701]LogModuleManager: Shutting down and abandoning module AlembicImporter (350)
[2019.01.26-20.51.38:868][701]LogModuleManager: Shutting down and abandoning module AlembicLibrary (349)
[2019.01.26-20.51.38:868][701]LogModuleManager: Shutting down and abandoning module GeometryCache (348)
[2019.01.26-20.51.38:868][701]LogModuleManager: Shutting down and abandoning module GeometryCacheEd (347)
[2019.01.26-20.51.38:868][701]LogModuleManager: Shutting down and abandoning module DatasmithContentEditor (342)
[2019.01.26-20.51.38:868][701]LogModuleManager: Shutting down and abandoning module DatasmithContent (340)
[2019.01.26-20.51.38:869][701]LogModuleManager: Shutting down and abandoning module SpeedTreeImporter (338)
[2019.01.26-20.51.38:869][701]LogModuleManager: Shutting down and abandoning module PluginBrowser (336)
[2019.01.26-20.51.38:869][701]LogModuleManager: Shutting down and abandoning module MobileLauncherProfileWizard (334)
[2019.01.26-20.51.38:869][701]LogModuleManager: Shutting down and abandoning module PolygonModeling (332)
[2019.01.26-20.51.38:869][701]LogModuleManager: Shutting down and abandoning module MeshEditor (330)
[2019.01.26-20.51.38:869][701]LogModuleManager: Shutting down and abandoning module CryptoKeysOpenSSL (328)
[2019.01.26-20.51.38:869][701]LogModuleManager: Shutting down and abandoning module CryptoKeys (326)
[2019.01.26-20.51.38:869][701]LogModuleManager: Shutting down and abandoning module VisualStudioSourceCodeAccess (324)
[2019.01.26-20.51.38:869][701]LogModuleManager: Shutting down and abandoning module VisualStudioCodeSourceCodeAccess (322)
[2019.01.26-20.51.38:869][701]LogModuleManager: Shutting down and abandoning module UObjectPlugin (320)
[2019.01.26-20.51.38:869][701]LogModuleManager: Shutting down and abandoning module SubversionSourceControl (318)
[2019.01.26-20.51.38:869][701]LogModuleManager: Shutting down and abandoning module PerforceSourceControl (316)
[2019.01.26-20.51.38:869][701]LogModuleManager: Shutting down and abandoning module GitSourceControl (314)
[2019.01.26-20.51.38:869][701]LogModuleManager: Shutting down and abandoning module SourceControl (313)
[2019.01.26-20.51.38:869][701]LogModuleManager: Shutting down and abandoning module CLionSourceCodeAccess (310)
[2019.01.26-20.51.38:869][701]LogModuleManager: Shutting down and abandoning module LightPropagationVolumeEditor (308)
[2019.01.26-20.51.38:869][701]LogModuleManager: Shutting down and abandoning module PaperTiledImporter (306)
[2019.01.26-20.51.38:869][701]LogModuleManager: Shutting down and abandoning module PaperSpriteSheetImporter (304)
[2019.01.26-20.51.38:869][701]LogModuleManager: Shutting down and abandoning module Paper2DEditor (302)
[2019.01.26-20.51.38:869][701]LogModuleManager: Shutting down and abandoning module MeshPaint (301)
[2019.01.26-20.51.38:869][701]LogModuleManager: Shutting down and abandoning module RuntimePhysXCooking (298)
[2019.01.26-20.51.38:869][701]LogModuleManager: Shutting down and abandoning module PhysXVehiclesEditor (296)
[2019.01.26-20.51.38:869][701]LogModuleManager: Shutting down and abandoning module PhysXVehicles (294)
[2019.01.26-20.51.38:869][701]LogModuleManager: Shutting down and abandoning module OculusEditor (292)
[2019.01.26-20.51.38:869][701]LogModuleManager: Shutting down and abandoning module LocationServicesBPLibrary (290)
[2019.01.26-20.51.38:869][701]LogModuleManager: Shutting down and abandoning module ImmediatePhysicsEditor (288)
[2019.01.26-20.51.38:869][701]LogModuleManager: Shutting down and abandoning module ImmediatePhysics (286)
[2019.01.26-20.51.38:870][701]LogModuleManager: Shutting down and abandoning module ActorSequence (284)
[2019.01.26-20.51.38:870][701]LogModuleManager: Shutting down and abandoning module UdpMessaging (282)
[2019.01.26-20.51.38:970][701]LogModuleManager: Shutting down and abandoning module TcpMessaging (280)
[2019.01.26-20.51.39:071][701]LogModuleManager: Shutting down and abandoning module MagicLeapAudio (278)
[2019.01.26-20.51.39:071][701]LogModuleManager: Shutting down and abandoning module GameplayTagsEditor (276)
[2019.01.26-20.51.39:071][701]LogModuleManager: Shutting down and abandoning module FacialAnimationEditor (274)
[2019.01.26-20.51.39:071][701]LogModuleManager: Shutting down and abandoning module FacialAnimation (272)
[2019.01.26-20.51.39:071][701]LogModuleManager: Shutting down and abandoning module DataValidation (270)
[2019.01.26-20.51.39:071][701]LogModuleManager: Shutting down and abandoning module AssetManagerEditor (268)
[2019.01.26-20.51.39:071][701]LogModuleManager: Shutting down and abandoning module LevelEditor (267)
[2019.01.26-20.51.39:071][701]LogModuleManager: Shutting down and abandoning module PixelInspectorModule (266)
[2019.01.26-20.51.39:072][701]LogModuleManager: Shutting down and abandoning module CommonMenuExtensions (264)
[2019.01.26-20.51.39:072][701]LogModuleManager: Shutting down and abandoning module MainFrame (262)
[2019.01.26-20.51.39:072][701]LogModuleManager: Shutting down and abandoning module HotReload (261)
[2019.01.26-20.51.39:072][701]LogModuleManager: Shutting down and abandoning module ContentBrowser (257)
[2019.01.26-20.51.39:073][701]LogModuleManager: Shutting down and abandoning module TreeMap (255)
[2019.01.26-20.51.39:073][701]LogModuleManager: Shutting down and abandoning module LightPropagationVolumeRuntime (252)
[2019.01.26-20.51.39:073][701]LogModuleManager: Shutting down and abandoning module AISupportModule (250)
[2019.01.26-20.51.39:073][701]LogModuleManager: Shutting down and abandoning module Paper2D (248)
[2019.01.26-20.51.39:073][701]LogModuleManager: Shutting down and abandoning module WindowsMoviePlayer (246)
[2019.01.26-20.51.39:073][701]LogModuleManager: Shutting down and abandoning module WmfMedia (244)
[2019.01.26-20.51.39:075][701]LogModuleManager: Shutting down and abandoning module Media (243)
[2019.01.26-20.51.39:081][701]LogModuleManager: Shutting down and abandoning module PacketHandler (240)
[2019.01.26-20.51.39:081][701]LogModuleManager: Shutting down and abandoning module ClothingSystemEditor (238)
[2019.01.26-20.51.39:081][701]LogModuleManager: Shutting down and abandoning module ClothingSystemRuntime (236)
[2019.01.26-20.51.39:081][701]LogModuleManager: Shutting down and abandoning module MediaAssets (234)
[2019.01.26-20.51.39:081][701]LogModuleManager: Shutting down and abandoning module Overlay (232)
[2019.01.26-20.51.39:081][701]LogModuleManager: Shutting down and abandoning module OverlayEditor (231)
[2019.01.26-20.51.39:081][701]LogModuleManager: Shutting down and abandoning module VREditor (228)
[2019.01.26-20.51.39:081][701]LogModuleManager: Shutting down and abandoning module StringTableEditor (226)
[2019.01.26-20.51.39:081][701]LogModuleManager: Shutting down and abandoning module GameplayTasksEditor (224)
[2019.01.26-20.51.39:081][701]LogModuleManager: Shutting down and abandoning module BehaviorTreeEditor (222)
[2019.01.26-20.51.39:081][701]LogModuleManager: Shutting down and abandoning module FunctionalTesting (220)
[2019.01.26-20.51.39:081][701]LogModuleManager: Shutting down and abandoning module CollisionAnalyzer (218)
[2019.01.26-20.51.39:081][701]LogModuleManager: Shutting down and abandoning module WorkspaceMenuStructure (217)
[2019.01.26-20.51.39:081][701]LogModuleManager: Shutting down and abandoning module UMG (214)
[2019.01.26-20.51.39:081][701]LogModuleManager: Shutting down and abandoning module UMGEditor (213)
[2019.01.26-20.51.39:081][701]LogModuleManager: Shutting down and abandoning module Sequencer (212)
[2019.01.26-20.51.39:082][701]LogModuleManager: Shutting down and abandoning module MessageLog (209)
[2019.01.26-20.51.39:082][701]LogModuleManager: Shutting down and abandoning module SlateReflector (204)
[2019.01.26-20.51.39:082][701]LogModuleManager: Shutting down and abandoning module Slate (202)
[2019.01.26-20.51.39:082][701]LogModuleManager: Shutting down and abandoning module EditorStyle (200)
[2019.01.26-20.51.39:083][701]LogModuleManager: Shutting down and abandoning module MRMesh (198)
[2019.01.26-20.51.39:083][701]LogModuleManager: Shutting down and abandoning module SourceCodeAccess (196)
[2019.01.26-20.51.39:083][701]LogModuleManager: Shutting down and abandoning module HeadMountedDisplay (194)
[2019.01.26-20.51.39:083][701]LogModuleManager: Shutting down and abandoning module XAudio2 (192)
[2019.01.26-20.51.39:083][701]LogModuleManager: Shutting down and abandoning module Networking (190)
[2019.01.26-20.51.39:083][701]LogModuleManager: Shutting down and abandoning module Core (188)
[2019.01.26-20.51.39:083][701]LogModuleManager: Shutting down and abandoning module LevelSequence (186)
[2019.01.26-20.51.39:083][701]LogModuleManager: Shutting down and abandoning module KismetCompiler (184)
[2019.01.26-20.51.39:083][701]LogModuleManager: Shutting down and abandoning module MeshUtilities (182)
[2019.01.26-20.51.39:083][701]LogModuleManager: Shutting down and abandoning module MeshMergeUtilities (181)
[2019.01.26-20.51.39:083][701]LogModuleManager: Shutting down and abandoning module MeshReductionInterface (180)
[2019.01.26-20.51.39:083][701]LogModuleManager: Shutting down and abandoning module SimplygonSwarm (179)
[2019.01.26-20.51.39:083][701]LogModuleManager: Shutting down and abandoning module ProxyLODMeshReduction (177)
[2019.01.26-20.51.39:083][701]LogModuleManager: Shutting down and abandoning module SimplygonMeshReduction (175)
[2019.01.26-20.51.39:083][701]LogModuleManager: Shutting down and abandoning module QuadricMeshReduction (173)
[2019.01.26-20.51.39:084][701]LogModuleManager: Shutting down and abandoning module MaterialBaking (169)
[2019.01.26-20.51.39:084][701]LogModuleManager: Shutting down and abandoning module DirectoryWatcher (165)
[2019.01.26-20.51.39:084][701]LogModuleManager: Shutting down and abandoning module DerivedDataCache (162)
[2019.01.26-20.51.39:146][701]LogDerivedDataCache: Shutdown
[2019.01.26-20.51.39:146][701]LogModuleManager: Shutting down and abandoning module XGEController (160)
[2019.01.26-20.51.39:146][701]LogModuleManager: Shutting down and abandoning module TargetPlatform (158)
[2019.01.26-20.51.39:146][701]LogModuleManager: Shutting down and abandoning module VulkanShaderFormat (157)
[2019.01.26-20.51.39:146][701]LogModuleManager: Shutting down and abandoning module ShaderFormatVectorVM (155)
[2019.01.26-20.51.39:146][701]LogModuleManager: Shutting down and abandoning module ShaderFormatOpenGL (153)
[2019.01.26-20.51.39:147][701]LogModuleManager: Shutting down and abandoning module ShaderFormatD3D (151)
[2019.01.26-20.51.39:147][701]LogModuleManager: Shutting down and abandoning module MetalShaderFormat (149)
[2019.01.26-20.51.39:147][701]LogModuleManager: Shutting down and abandoning module TextureFormatUncompressed (147)
[2019.01.26-20.51.39:147][701]LogModuleManager: Shutting down and abandoning module TextureFormatPVR (145)
[2019.01.26-20.51.39:147][701]LogModuleManager: Shutting down and abandoning module TextureFormatDXT (143)
[2019.01.26-20.51.39:147][701]LogModuleManager: Shutting down and abandoning module TextureFormatIntelISPCTexComp (141)
[2019.01.26-20.51.39:147][701]LogModuleManager: Shutting down and abandoning module TextureFormatASTC (139)
[2019.01.26-20.51.39:147][701]LogModuleManager: Shutting down and abandoning module ImageWrapper (138)
[2019.01.26-20.51.39:147][701]LogModuleManager: Shutting down and abandoning module TextureFormatAndroid (135)
[2019.01.26-20.51.39:147][701]LogModuleManager: Shutting down and abandoning module AudioFormatOpus (133)
[2019.01.26-20.51.39:147][701]LogModuleManager: Shutting down and abandoning module AudioFormatOgg (131)
[2019.01.26-20.51.39:147][701]LogModuleManager: Shutting down and abandoning module AudioFormatADPCM (129)
[2019.01.26-20.51.39:147][701]LogModuleManager: Shutting down and abandoning module LuminTargetPlatform (127)
[2019.01.26-20.51.39:147][701]LogModuleManager: Shutting down and abandoning module LinuxTargetPlatform (125)
[2019.01.26-20.51.39:147][701]LogModuleManager: Shutting down and abandoning module LinuxServerTargetPlatform (123)
[2019.01.26-20.51.39:147][701]LogModuleManager: Shutting down and abandoning module LinuxNoEditorTargetPlatform (121)
[2019.01.26-20.51.39:147][701]LogModuleManager: Shutting down and abandoning module LinuxClientTargetPlatform (119)
[2019.01.26-20.51.39:147][701]LogModuleManager: Shutting down and abandoning module TVOSTargetPlatform (117)
[2019.01.26-20.51.39:148][701]LogModuleManager: Shutting down and abandoning module Messaging (115)
[2019.01.26-20.51.39:148][701]LogModuleManager: Shutting down and abandoning module IOSTargetPlatform (113)
[2019.01.26-20.51.39:148][701]LogModuleManager: Shutting down and abandoning module HTML5TargetPlatform (111)
[2019.01.26-20.51.39:148][701]LogModuleManager: Shutting down and abandoning module AndroidTargetPlatform (109)
[2019.01.26-20.51.39:154][701]LogModuleManager: Shutting down and abandoning module WindowsTargetPlatform (107)
[2019.01.26-20.51.39:154][701]LogModuleManager: Shutting down and abandoning module WindowsServerTargetPlatform (105)
[2019.01.26-20.51.39:154][701]LogModuleManager: Shutting down and abandoning module WindowsNoEditorTargetPlatform (103)
[2019.01.26-20.51.39:154][701]LogModuleManager: Shutting down and abandoning module WindowsClientTargetPlatform (101)
[2019.01.26-20.51.39:154][701]LogModuleManager: Shutting down and abandoning module MacTargetPlatform (99)
[2019.01.26-20.51.39:154][701]LogModuleManager: Shutting down and abandoning module MacServerTargetPlatform (97)
[2019.01.26-20.51.39:154][701]LogModuleManager: Shutting down and abandoning module MacNoEditorTargetPlatform (95)
[2019.01.26-20.51.39:154][701]LogModuleManager: Shutting down and abandoning module MacClientTargetPlatform (93)
[2019.01.26-20.51.39:155][701]LogModuleManager: Shutting down and abandoning module AllDesktopTargetPlatform (91)
[2019.01.26-20.51.39:155][701]LogModuleManager: Shutting down and abandoning module InputCore (88)
[2019.01.26-20.51.39:155][701]LogModuleManager: Shutting down and abandoning module Settings (86)
[2019.01.26-20.51.39:155][701]LogModuleManager: Shutting down and abandoning module PhysXCooking (84)
[2019.01.26-20.51.39:155][701]LogModuleManager: Shutting down and abandoning module SteamVR (82)
[2019.01.26-20.51.39:155][701]LogModuleManager: Shutting down and abandoning module OculusHMD (80)
[2019.01.26-20.51.39:155][701]LogModuleManager: Shutting down and abandoning module ExampleDeviceProfileSelector (78)
[2019.01.26-20.51.39:155][701]LogModuleManager: Shutting down and abandoning module LauncherChunkInstaller (76)
[2019.01.26-20.51.39:155][701]LogModuleManager: Shutting down and abandoning module OnlineBlueprintSupport (74)
[2019.01.26-20.51.39:155][701]LogModuleManager: Shutting down and abandoning module OnlineSubsystem (70)
[2019.01.26-20.51.39:156][701]LogModuleManager: Shutting down and abandoning module XMPP (65)
[2019.01.26-20.51.39:156][701]LogModuleManager: Shutting down and abandoning module WebSockets (64)
[2019.01.26-20.51.39:174][701]LogModuleManager: Shutting down and abandoning module HTTP (61)
[2019.01.26-20.51.39:174][701]LogHttp: Display: Http module shutting down, but needs to wait on 1 outstanding Http requests:
[2019.01.26-20.51.39:174][701]LogHttp: Display: 	verb=[POST] url=[https://datarouter.ol.epicgames.com/datarouter/api/v1/public/data?SessionID=%7B47B8F8FD-4383-1B60-B134-D69F83E03218%7D&AppID=UEEditor.Rocket.Release&AppVersion=4.20.3-4369336%2B%2B%2BUE4%2BRelease-4.20&UserID=f0963f6541109576877bbebad0a29bf8%7Ce20133aafc504a09b851d9e8c6f2c63f%7C0d41ee42-a575-4f45-b1e7-0a48bae8856e&AppEnvironment=datacollector-binary&UploadType=eteventstream] status=Processing
[2019.01.26-20.51.39:182][701]LogModuleManager: Shutting down and abandoning module SSL (60)
[2019.01.26-20.51.39:183][701]LogModuleManager: Shutting down and abandoning module MagicLeapEmulator (56)
[2019.01.26-20.51.39:183][701]LogModuleManager: Shutting down and abandoning module MagicLeapPrivileges (54)
[2019.01.26-20.51.39:183][701]LogModuleManager: Shutting down and abandoning module MagicLeapIdentity (52)
[2019.01.26-20.51.39:184][701]LogModuleManager: Shutting down and abandoning module MagicLeapHelperVulkan (50)
[2019.01.26-20.51.39:184][701]LogModuleManager: Shutting down and abandoning module MagicLeapHelperOpenGL (48)
[2019.01.26-20.51.39:184][701]LogModuleManager: Shutting down and abandoning module MagicLeapSecureStorage (46)
[2019.01.26-20.51.39:184][701]LogModuleManager: Shutting down and abandoning module MagicLeapGestures (44)
[2019.01.26-20.51.39:184][701]LogModuleManager: Shutting down and abandoning module MagicLeapEyeTracker (42)
[2019.01.26-20.51.39:184][701]LogModuleManager: Shutting down and abandoning module MagicLeapController (40)
[2019.01.26-20.51.39:184][701]LogSlate: Slate User Destroyed.  User Index 0, Is Virtual User: 0
[2019.01.26-20.51.39:184][701]LogModuleManager: Shutting down and abandoning module MagicLeap (38)
[2019.01.26-20.51.39:184][701]LogModuleManager: Shutting down and abandoning module AnimationModifiers (36)
[2019.01.26-20.51.39:184][701]LogModuleManager: Shutting down and abandoning module PropertyEditor (35)
[2019.01.26-20.51.39:184][701]LogModuleManager: Shutting down and abandoning module AudioEditor (32)
[2019.01.26-20.51.39:184][701]LogModuleManager: Shutting down and abandoning module TextureCompressor (30)
[2019.01.26-20.51.39:184][701]LogModuleManager: Shutting down and abandoning module ShaderCore (28)
[2019.01.26-20.51.39:184][701]LogModuleManager: Shutting down and abandoning module Landscape (26)
[2019.01.26-20.51.39:184][701]LogModuleManager: Shutting down and abandoning module SlateRHIRenderer (24)
[2019.01.26-20.51.39:185][701]LogModuleManager: Shutting down and abandoning module OpenGLDrv (22)
[2019.01.26-20.51.39:185][701]LogModuleManager: Shutting down and abandoning module D3D11RHI (20)
[2019.01.26-20.51.39:185][701]LogModuleManager: Shutting down and abandoning module AnimGraphRuntime (18)
[2019.01.26-20.51.39:185][701]LogModuleManager: Shutting down and abandoning module Renderer (16)
[2019.01.26-20.51.39:185][701]LogModuleManager: Shutting down and abandoning module Engine (14)
[2019.01.26-20.51.39:185][701]LogModuleManager: Shutting down and abandoning module CoreUObject (12)
[2019.01.26-20.51.39:185][701]LogModuleManager: Shutting down and abandoning module NetworkFile (10)
[2019.01.26-20.51.39:185][701]LogModuleManager: Shutting down and abandoning module CookedIterativeFile (8)
[2019.01.26-20.51.39:185][701]LogModuleManager: Shutting down and abandoning module StreamingFile (6)
[2019.01.26-20.51.39:185][701]LogModuleManager: Shutting down and abandoning module SandboxFile (4)
[2019.01.26-20.51.39:185][701]LogModuleManager: Shutting down and abandoning module PakFile (2)
[2019.01.26-20.51.39:190][701]LogExit: Exiting.
[2019.01.26-20.51.39:198][701]Log file closed, 01/26/19 12:51:39
